{"contracts/Gnosis/CreateCall.sol":{"l":{"11":0,"14":0,"15":0,"20":0,"23":0,"24":0},"path":"/Volumes/Dev/RICO/poc/contracts/Gnosis/CreateCall.sol","s":{"1":0,"2":0,"3":0,"4":0},"b":{"1":[0,0],"2":[0,0]},"f":{"1":0,"2":0},"fnMap":{"1":{"name":"performCreate2","line":9,"loc":{"start":{"line":9,"column":4},"end":{"line":9,"column":119}}},"2":{"name":"performCreate","line":18,"loc":{"start":{"line":18,"column":4},"end":{"line":18,"column":104}}}},"statementMap":{"1":{"start":{"line":14,"column":8},"end":{"line":14,"column":70}},"2":{"start":{"line":15,"column":8},"end":{"line":15,"column":42}},"3":{"start":{"line":23,"column":9},"end":{"line":23,"column":71}},"4":{"start":{"line":24,"column":8},"end":{"line":24,"column":42}}},"branchMap":{"1":{"line":14,"type":"if","locations":[{"start":{"line":14,"column":8},"end":{"line":14,"column":8}},{"start":{"line":14,"column":8},"end":{"line":14,"column":8}}]},"2":{"line":23,"type":"if","locations":[{"start":{"line":23,"column":9},"end":{"line":23,"column":9}},{"start":{"line":23,"column":9},"end":{"line":23,"column":9}}]}}},"contracts/Gnosis/GnosisSafe.sol":{"l":{"11":0,"12":0,"14":0,"16":0,"24":0,"34":0,"61":0,"63":0,"77":0,"78":0,"88":0,"90":0,"103":0,"111":0,"112":0,"113":0,"115":0,"119":0,"121":0,"144":0,"145":0,"146":0,"148":0,"159":0,"161":0,"162":0,"163":0,"164":0,"176":0,"177":0,"178":0,"179":0,"180":0,"193":0,"195":0,"206":0,"207":0,"208":0,"209":0,"210":0,"212":0,"215":0,"216":0,"217":0,"218":0,"219":0,"220":0,"222":0,"246":0,"248":0,"250":0,"252":0,"253":0,"255":0,"256":0,"258":0,"259":0,"260":0,"262":0,"263":0,"264":0,"276":0,"278":0,"279":0,"280":0,"281":0,"282":0,"284":0,"285":0,"298":0,"300":0,"301":0,"302":0,"303":0,"304":0,"305":0,"307":0,"308":0,"321":0,"323":0,"325":0,"326":0,"327":0,"328":0,"329":0,"330":0,"331":0,"342":0,"344":0,"345":0,"346":0,"354":0,"362":0,"372":0,"375":0,"376":0,"377":0,"378":0,"379":0,"380":0,"382":0,"401":0,"402":0,"403":0,"412":0,"413":0,"421":0,"422":0,"441":0,"442":0,"443":0,"444":0,"445":0,"461":0,"484":0,"485":0,"488":0,"489":0,"491":0,"498":0,"499":0,"502":0,"509":0,"510":0,"512":0,"519":0,"520":0,"522":0,"530":0,"531":0,"593":0,"594":0,"595":0,"597":0,"598":0,"600":0,"603":0,"634":0,"640":0,"641":0,"642":0,"643":0,"645":0,"646":0,"647":0,"648":0,"652":0,"653":0,"667":0,"668":0,"671":0,"673":0,"687":0,"689":0,"690":0,"691":0,"692":0,"693":0,"694":0,"695":0,"696":0,"698":0,"700":0,"704":0,"707":0,"710":0,"712":0,"715":0,"718":0,"720":0,"724":0,"728":0,"731":0,"733":0,"734":0,"738":0,"743":0,"745":0,"749":0,"769":0,"772":0,"773":0,"775":0,"785":0,"786":0,"797":0,"813":0,"814":0,"815":0,"818":0,"820":0,"833":0,"836":0,"869":0,"872":0,"903":0},"path":"/Volumes/Dev/RICO/poc/contracts/Gnosis/GnosisSafe.sol","s":{"1":0,"2":0,"3":0,"4":0,"5":0,"6":0,"7":0,"8":0,"9":0,"10":0,"11":0,"12":0,"13":0,"14":0,"15":0,"16":0,"17":0,"18":0,"19":0,"20":0,"21":0,"22":0,"23":0,"24":0,"25":0,"26":0,"27":0,"28":0,"29":0,"30":0,"31":0,"32":0,"33":0,"34":0,"35":0,"36":0,"37":0,"38":0,"39":0,"40":0,"41":0,"42":0,"43":0,"44":0,"45":0,"46":0,"47":0,"48":0,"49":0,"50":0,"51":0,"52":0,"53":0,"54":0,"55":0,"56":0,"57":0,"58":0,"59":0,"60":0,"61":0,"62":0,"63":0,"64":0,"65":0,"66":0,"67":0,"68":0,"69":0,"70":0,"71":0,"72":0,"73":0,"74":0,"75":0,"76":0,"77":0,"78":0,"79":0,"80":0,"81":0,"82":0,"83":0,"84":0,"85":0,"86":0,"87":0,"88":0,"89":0,"90":0,"91":0,"92":0,"93":0,"94":0,"95":0,"96":0,"97":0,"98":0,"99":0,"100":0,"101":0,"102":0,"103":0,"104":0,"105":0,"106":0,"107":0,"108":0,"109":0,"110":0,"111":0,"112":0,"113":0,"114":0,"115":0,"116":0,"117":0,"118":0,"119":0,"120":0,"121":0,"122":0,"123":0,"124":0,"125":0,"126":0,"127":0,"128":0,"129":0,"130":0,"131":0,"132":0,"133":0,"134":0,"135":0,"136":0,"137":0,"138":0,"139":0,"140":0,"141":0,"142":0,"143":0,"144":0,"145":0,"146":0,"147":0,"148":0,"149":0,"150":0,"151":0,"152":0,"153":0,"154":0,"155":0,"156":0,"157":0,"158":0,"159":0,"160":0,"161":0,"162":0,"163":0,"164":0,"165":0,"166":0,"167":0,"168":0,"169":0,"170":0,"171":0,"172":0,"173":0,"174":0,"175":0,"176":0,"177":0,"178":0,"179":0,"180":0,"181":0,"182":0,"183":0,"184":0},"b":{"1":[0,0],"2":[0,0],"3":[0,0],"4":[0,0],"5":[0,0],"6":[0,0],"7":[0,0],"8":[0,0],"9":[0,0],"10":[0,0],"11":[0,0],"12":[0,0],"13":[0,0],"14":[0,0],"15":[0,0],"16":[0,0],"17":[0,0],"18":[0,0],"19":[0,0],"20":[0,0],"21":[0,0],"22":[0,0],"23":[0,0],"24":[0,0],"25":[0,0],"26":[0,0],"27":[0,0],"28":[0,0],"29":[0,0],"30":[0,0],"31":[0,0],"32":[0,0],"33":[0,0],"34":[0,0],"35":[0,0],"36":[0,0],"37":[0,0],"38":[0,0],"39":[0,0],"40":[0,0],"41":[0,0],"42":[0,0],"43":[0,0],"44":[0,0],"45":[0,0],"46":[0,0],"47":[0,0],"48":[0,0],"49":[0,0],"50":[0,0],"51":[0,0],"52":[0,0],"53":[0,0],"54":[0,0],"55":[0,0],"56":[0,0],"57":[0,0],"58":[0,0],"59":[0,0],"60":[0,0],"61":[0,0],"62":[0,0],"63":[0,0],"64":[0,0]},"f":{"1":0,"2":0,"3":0,"4":0,"5":0,"6":0,"7":0,"8":0,"9":0,"10":0,"11":0,"12":0,"13":0,"14":0,"15":0,"16":0,"17":0,"18":0,"19":0,"20":0,"21":0,"22":0,"23":0,"24":0,"25":0,"26":0,"27":0,"28":0,"29":0,"30":0,"31":0,"32":0,"33":0,"34":0,"35":0,"36":0,"37":0,"38":0,"39":0,"40":0,"41":0,"42":0},"fnMap":{"1":{"name":"execute","line":7,"loc":{"start":{"line":7,"column":4},"end":{"line":10,"column":5}}},"2":{"name":"executeCall","line":19,"loc":{"start":{"line":19,"column":4},"end":{"line":22,"column":5}}},"3":{"name":"executeDelegateCall","line":29,"loc":{"start":{"line":29,"column":4},"end":{"line":32,"column":5}}},"4":{"name":"transferToken","line":53,"loc":{"start":{"line":53,"column":4},"end":{"line":60,"column":5}}},"5":{"name":"authorized","line":76,"loc":{"start":{"line":76,"column":4},"end":{"line":76,"column":23}}},"6":{"name":"internalSetFallbackHandler","line":87,"loc":{"start":{"line":87,"column":4},"end":{"line":87,"column":63}}},"7":{"name":"setFallbackHandler","line":99,"loc":{"start":{"line":99,"column":4},"end":{"line":102,"column":5}}},"8":{"name":"","line":106,"loc":{"start":{"line":106,"column":4},"end":{"line":109,"column":5}}},"9":{"name":"setupModules","line":141,"loc":{"start":{"line":141,"column":4},"end":{"line":143,"column":5}}},"10":{"name":"enableModule","line":154,"loc":{"start":{"line":154,"column":4},"end":{"line":157,"column":5}}},"11":{"name":"disableModule","line":171,"loc":{"start":{"line":171,"column":4},"end":{"line":174,"column":5}}},"12":{"name":"execTransactionFromModule","line":188,"loc":{"start":{"line":188,"column":4},"end":{"line":191,"column":5}}},"13":{"name":"getModules","line":200,"loc":{"start":{"line":200,"column":4},"end":{"line":204,"column":5}}},"14":{"name":"setupOwners","line":241,"loc":{"start":{"line":241,"column":4},"end":{"line":243,"column":5}}},"15":{"name":"addOwnerWithThreshold","line":271,"loc":{"start":{"line":271,"column":4},"end":{"line":274,"column":5}}},"16":{"name":"removeOwner","line":293,"loc":{"start":{"line":293,"column":4},"end":{"line":296,"column":5}}},"17":{"name":"swapOwner","line":316,"loc":{"start":{"line":316,"column":4},"end":{"line":319,"column":5}}},"18":{"name":"changeThreshold","line":337,"loc":{"start":{"line":337,"column":4},"end":{"line":340,"column":5}}},"19":{"name":"getThreshold","line":349,"loc":{"start":{"line":349,"column":4},"end":{"line":353,"column":5}}},"20":{"name":"isOwner","line":357,"loc":{"start":{"line":357,"column":4},"end":{"line":361,"column":5}}},"21":{"name":"getOwners","line":367,"loc":{"start":{"line":367,"column":4},"end":{"line":371,"column":5}}},"22":{"name":"changeMasterCopy","line":396,"loc":{"start":{"line":396,"column":4},"end":{"line":399,"column":5}}},"23":{"name":"authorized","line":411,"loc":{"start":{"line":411,"column":4},"end":{"line":411,"column":23}}},"24":{"name":"setManager","line":416,"loc":{"start":{"line":416,"column":4},"end":{"line":418,"column":5}}},"25":{"name":"recoverKey","line":432,"loc":{"start":{"line":432,"column":4},"end":{"line":440,"column":5}}},"26":{"name":"signatureSplit","line":452,"loc":{"start":{"line":452,"column":4},"end":{"line":456,"column":5}}},"27":{"name":"mul","line":480,"loc":{"start":{"line":480,"column":2},"end":{"line":480,"column":68}}},"28":{"name":"div","line":497,"loc":{"start":{"line":497,"column":2},"end":{"line":497,"column":68}}},"29":{"name":"sub","line":508,"loc":{"start":{"line":508,"column":2},"end":{"line":508,"column":68}}},"30":{"name":"add","line":518,"loc":{"start":{"line":518,"column":2},"end":{"line":518,"column":68}}},"31":{"name":"mod","line":529,"loc":{"start":{"line":529,"column":2},"end":{"line":529,"column":68}}},"32":{"name":"setup","line":581,"loc":{"start":{"line":581,"column":4},"end":{"line":592,"column":5}}},"33":{"name":"execTransaction","line":619,"loc":{"start":{"line":619,"column":4},"end":{"line":633,"column":5}}},"34":{"name":"handlePayment","line":657,"loc":{"start":{"line":657,"column":4},"end":{"line":665,"column":5}}},"35":{"name":"checkSignatures","line":683,"loc":{"start":{"line":683,"column":4},"end":{"line":685,"column":5}}},"36":{"name":"requiredTxGas","line":764,"loc":{"start":{"line":764,"column":4},"end":{"line":768,"column":5}}},"37":{"name":"approveHash","line":782,"loc":{"start":{"line":782,"column":4},"end":{"line":784,"column":5}}},"38":{"name":"signMessage","line":793,"loc":{"start":{"line":793,"column":4},"end":{"line":796,"column":5}}},"39":{"name":"isValidSignature","line":809,"loc":{"start":{"line":809,"column":4},"end":{"line":812,"column":5}}},"40":{"name":"getMessageHash","line":826,"loc":{"start":{"line":826,"column":4},"end":{"line":832,"column":5}}},"41":{"name":"encodeTransactionData","line":853,"loc":{"start":{"line":853,"column":4},"end":{"line":868,"column":5}}},"42":{"name":"getTransactionHash","line":887,"loc":{"start":{"line":887,"column":4},"end":{"line":902,"column":5}}}},"statementMap":{"1":{"start":{"line":11,"column":8},"end":{"line":11,"column":295}},"2":{"start":{"line":12,"column":12},"end":{"line":12,"column":56}},"3":{"start":{"line":13,"column":13},"end":{"line":13,"column":405}},"4":{"start":{"line":14,"column":12},"end":{"line":14,"column":57}},"5":{"start":{"line":16,"column":12},"end":{"line":16,"column":26}},"6":{"start":{"line":61,"column":8},"end":{"line":61,"column":98}},"7":{"start":{"line":77,"column":8},"end":{"line":77,"column":91}},"8":{"start":{"line":88,"column":8},"end":{"line":88,"column":52}},"9":{"start":{"line":103,"column":8},"end":{"line":103,"column":42}},"10":{"start":{"line":111,"column":8},"end":{"line":111,"column":57}},"11":{"start":{"line":111,"column":51},"end":{"line":111,"column":57}},"12":{"start":{"line":112,"column":8},"end":{"line":112,"column":52}},"13":{"start":{"line":113,"column":8},"end":{"line":113,"column":23}},"14":{"start":{"line":119,"column":8},"end":{"line":119,"column":3768}},"15":{"start":{"line":144,"column":8},"end":{"line":144,"column":96}},"16":{"start":{"line":145,"column":8},"end":{"line":145,"column":51}},"17":{"start":{"line":146,"column":8},"end":{"line":146,"column":4794}},"18":{"start":{"line":148,"column":12},"end":{"line":148,"column":95}},"19":{"start":{"line":159,"column":8},"end":{"line":159,"column":119}},"20":{"start":{"line":161,"column":8},"end":{"line":161,"column":87}},"21":{"start":{"line":162,"column":8},"end":{"line":162,"column":59}},"22":{"start":{"line":163,"column":8},"end":{"line":163,"column":50}},"23":{"start":{"line":164,"column":8},"end":{"line":164,"column":34}},"24":{"start":{"line":176,"column":8},"end":{"line":176,"column":119}},"25":{"start":{"line":177,"column":8},"end":{"line":177,"column":107}},"26":{"start":{"line":178,"column":8},"end":{"line":178,"column":62}},"27":{"start":{"line":179,"column":8},"end":{"line":179,"column":44}},"28":{"start":{"line":180,"column":8},"end":{"line":180,"column":35}},"29":{"start":{"line":193,"column":8},"end":{"line":193,"column":135}},"30":{"start":{"line":195,"column":8},"end":{"line":195,"column":63}},"31":{"start":{"line":206,"column":8},"end":{"line":206,"column":31}},"32":{"start":{"line":207,"column":8},"end":{"line":207,"column":57}},"33":{"start":{"line":208,"column":8},"end":{"line":208,"column":7555}},"34":{"start":{"line":209,"column":12},"end":{"line":209,"column":49}},"35":{"start":{"line":212,"column":8},"end":{"line":212,"column":59}},"36":{"start":{"line":215,"column":8},"end":{"line":215,"column":22}},"37":{"start":{"line":216,"column":8},"end":{"line":216,"column":48}},"38":{"start":{"line":217,"column":8},"end":{"line":217,"column":7867}},"39":{"start":{"line":218,"column":12},"end":{"line":218,"column":45}},"40":{"start":{"line":219,"column":12},"end":{"line":219,"column":49}},"41":{"start":{"line":222,"column":8},"end":{"line":222,"column":20}},"42":{"start":{"line":246,"column":8},"end":{"line":246,"column":64}},"43":{"start":{"line":248,"column":8},"end":{"line":248,"column":83}},"44":{"start":{"line":250,"column":8},"end":{"line":250,"column":71}},"45":{"start":{"line":252,"column":8},"end":{"line":252,"column":46}},"46":{"start":{"line":253,"column":8},"end":{"line":253,"column":9267}},"47":{"start":{"line":255,"column":12},"end":{"line":255,"column":38}},"48":{"start":{"line":256,"column":12},"end":{"line":256,"column":101}},"49":{"start":{"line":258,"column":12},"end":{"line":258,"column":83}},"50":{"start":{"line":259,"column":12},"end":{"line":259,"column":39}},"51":{"start":{"line":260,"column":12},"end":{"line":260,"column":31}},"52":{"start":{"line":262,"column":8},"end":{"line":262,"column":45}},"53":{"start":{"line":263,"column":8},"end":{"line":263,"column":34}},"54":{"start":{"line":264,"column":8},"end":{"line":264,"column":29}},"55":{"start":{"line":276,"column":8},"end":{"line":276,"column":97}},"56":{"start":{"line":278,"column":8},"end":{"line":278,"column":74}},"57":{"start":{"line":279,"column":8},"end":{"line":279,"column":46}},"58":{"start":{"line":280,"column":8},"end":{"line":280,"column":38}},"59":{"start":{"line":282,"column":8},"end":{"line":282,"column":30}},"60":{"start":{"line":284,"column":8},"end":{"line":284,"column":10682}},"61":{"start":{"line":285,"column":12},"end":{"line":285,"column":38}},"62":{"start":{"line":298,"column":8},"end":{"line":298,"column":101}},"63":{"start":{"line":300,"column":8},"end":{"line":300,"column":97}},"64":{"start":{"line":301,"column":8},"end":{"line":301,"column":84}},"65":{"start":{"line":302,"column":8},"end":{"line":302,"column":40}},"66":{"start":{"line":303,"column":8},"end":{"line":303,"column":33}},"67":{"start":{"line":305,"column":8},"end":{"line":305,"column":32}},"68":{"start":{"line":307,"column":8},"end":{"line":307,"column":11859}},"69":{"start":{"line":308,"column":12},"end":{"line":308,"column":38}},"70":{"start":{"line":321,"column":8},"end":{"line":321,"column":103}},"71":{"start":{"line":323,"column":8},"end":{"line":323,"column":77}},"72":{"start":{"line":325,"column":8},"end":{"line":325,"column":103}},"73":{"start":{"line":326,"column":8},"end":{"line":326,"column":87}},"74":{"start":{"line":327,"column":8},"end":{"line":327,"column":42}},"75":{"start":{"line":328,"column":8},"end":{"line":328,"column":35}},"76":{"start":{"line":329,"column":8},"end":{"line":329,"column":36}},"77":{"start":{"line":330,"column":8},"end":{"line":330,"column":35}},"78":{"start":{"line":331,"column":8},"end":{"line":331,"column":33}},"79":{"start":{"line":342,"column":8},"end":{"line":342,"column":79}},"80":{"start":{"line":344,"column":8},"end":{"line":344,"column":71}},"81":{"start":{"line":345,"column":8},"end":{"line":345,"column":29}},"82":{"start":{"line":346,"column":8},"end":{"line":346,"column":40}},"83":{"start":{"line":354,"column":8},"end":{"line":354,"column":24}},"84":{"start":{"line":362,"column":8},"end":{"line":362,"column":70}},"85":{"start":{"line":372,"column":8},"end":{"line":372,"column":58}},"86":{"start":{"line":375,"column":8},"end":{"line":375,"column":25}},"87":{"start":{"line":376,"column":8},"end":{"line":376,"column":54}},"88":{"start":{"line":377,"column":8},"end":{"line":377,"column":14376}},"89":{"start":{"line":378,"column":12},"end":{"line":378,"column":38}},"90":{"start":{"line":379,"column":12},"end":{"line":379,"column":46}},"91":{"start":{"line":382,"column":8},"end":{"line":382,"column":20}},"92":{"start":{"line":401,"column":8},"end":{"line":401,"column":81}},"93":{"start":{"line":402,"column":8},"end":{"line":402,"column":31}},"94":{"start":{"line":403,"column":8},"end":{"line":403,"column":43}},"95":{"start":{"line":412,"column":8},"end":{"line":412,"column":88}},"96":{"start":{"line":421,"column":8},"end":{"line":421,"column":78}},"97":{"start":{"line":422,"column":8},"end":{"line":422,"column":42}},"98":{"start":{"line":441,"column":8},"end":{"line":441,"column":15}},"99":{"start":{"line":442,"column":8},"end":{"line":442,"column":17}},"100":{"start":{"line":443,"column":8},"end":{"line":443,"column":17}},"101":{"start":{"line":444,"column":8},"end":{"line":444,"column":56}},"102":{"start":{"line":445,"column":8},"end":{"line":445,"column":46}},"103":{"start":{"line":484,"column":4},"end":{"line":484,"column":18148}},"104":{"start":{"line":485,"column":6},"end":{"line":485,"column":14}},"105":{"start":{"line":488,"column":4},"end":{"line":488,"column":21}},"106":{"start":{"line":489,"column":4},"end":{"line":489,"column":22}},"107":{"start":{"line":491,"column":4},"end":{"line":491,"column":12}},"108":{"start":{"line":498,"column":4},"end":{"line":498,"column":17}},"109":{"start":{"line":499,"column":4},"end":{"line":499,"column":21}},"110":{"start":{"line":502,"column":4},"end":{"line":502,"column":12}},"111":{"start":{"line":509,"column":4},"end":{"line":509,"column":18}},"112":{"start":{"line":510,"column":4},"end":{"line":510,"column":21}},"113":{"start":{"line":512,"column":4},"end":{"line":512,"column":12}},"114":{"start":{"line":519,"column":4},"end":{"line":519,"column":21}},"115":{"start":{"line":520,"column":4},"end":{"line":520,"column":18}},"116":{"start":{"line":522,"column":4},"end":{"line":522,"column":12}},"117":{"start":{"line":530,"column":4},"end":{"line":530,"column":18}},"118":{"start":{"line":531,"column":4},"end":{"line":531,"column":16}},"119":{"start":{"line":593,"column":8},"end":{"line":593,"column":69}},"120":{"start":{"line":594,"column":8},"end":{"line":594,"column":79}},"121":{"start":{"line":595,"column":8},"end":{"line":595,"column":39}},"122":{"start":{"line":597,"column":8},"end":{"line":597,"column":29}},"123":{"start":{"line":598,"column":8},"end":{"line":598,"column":86}},"124":{"start":{"line":598,"column":43},"end":{"line":598,"column":85}},"125":{"start":{"line":600,"column":8},"end":{"line":600,"column":22262}},"126":{"start":{"line":603,"column":12},"end":{"line":603,"column":70}},"127":{"start":{"line":634,"column":8},"end":{"line":634,"column":24057}},"128":{"start":{"line":641,"column":8},"end":{"line":641,"column":75}},"129":{"start":{"line":642,"column":8},"end":{"line":642,"column":84}},"130":{"start":{"line":643,"column":8},"end":{"line":643,"column":35}},"131":{"start":{"line":645,"column":8},"end":{"line":645,"column":109}},"132":{"start":{"line":646,"column":8},"end":{"line":646,"column":39}},"133":{"start":{"line":647,"column":8},"end":{"line":647,"column":24817}},"134":{"start":{"line":648,"column":12},"end":{"line":648,"column":55}},"135":{"start":{"line":652,"column":8},"end":{"line":652,"column":25040}},"136":{"start":{"line":653,"column":12},"end":{"line":653,"column":78}},"137":{"start":{"line":667,"column":8},"end":{"line":667,"column":92}},"138":{"start":{"line":668,"column":8},"end":{"line":668,"column":25515}},"139":{"start":{"line":671,"column":12},"end":{"line":671,"column":146}},"140":{"start":{"line":673,"column":12},"end":{"line":673,"column":127}},"141":{"start":{"line":687,"column":8},"end":{"line":687,"column":83}},"142":{"start":{"line":689,"column":8},"end":{"line":689,"column":38}},"143":{"start":{"line":690,"column":8},"end":{"line":690,"column":28}},"144":{"start":{"line":691,"column":8},"end":{"line":691,"column":15}},"145":{"start":{"line":692,"column":8},"end":{"line":692,"column":17}},"146":{"start":{"line":693,"column":8},"end":{"line":693,"column":17}},"147":{"start":{"line":694,"column":8},"end":{"line":694,"column":17}},"148":{"start":{"line":695,"column":8},"end":{"line":695,"column":27057}},"149":{"start":{"line":696,"column":12},"end":{"line":696,"column":52}},"150":{"start":{"line":698,"column":12},"end":{"line":698,"column":27219}},"151":{"start":{"line":700,"column":16},"end":{"line":700,"column":49}},"152":{"start":{"line":704,"column":16},"end":{"line":704,"column":114}},"153":{"start":{"line":707,"column":16},"end":{"line":707,"column":122}},"154":{"start":{"line":710,"column":16},"end":{"line":710,"column":44}},"155":{"start":{"line":715,"column":16},"end":{"line":715,"column":147}},"156":{"start":{"line":718,"column":16},"end":{"line":718,"column":46}},"157":{"start":{"line":724,"column":16},"end":{"line":724,"column":161}},"158":{"start":{"line":726,"column":19},"end":{"line":726,"column":29267}},"159":{"start":{"line":728,"column":16},"end":{"line":728,"column":49}},"160":{"start":{"line":731,"column":16},"end":{"line":731,"column":127}},"161":{"start":{"line":733,"column":16},"end":{"line":733,"column":29824}},"162":{"start":{"line":734,"column":20},"end":{"line":734,"column":61}},"163":{"start":{"line":736,"column":19},"end":{"line":736,"column":29970}},"164":{"start":{"line":738,"column":16},"end":{"line":738,"column":127}},"165":{"start":{"line":743,"column":16},"end":{"line":743,"column":58}},"166":{"start":{"line":745,"column":12},"end":{"line":745,"column":30445}},"167":{"start":{"line":749,"column":12},"end":{"line":749,"column":35}},"168":{"start":{"line":769,"column":8},"end":{"line":769,"column":36}},"169":{"start":{"line":772,"column":8},"end":{"line":772,"column":62}},"170":{"start":{"line":773,"column":8},"end":{"line":773,"column":50}},"171":{"start":{"line":775,"column":8},"end":{"line":775,"column":52}},"172":{"start":{"line":785,"column":8},"end":{"line":785,"column":82}},"173":{"start":{"line":786,"column":8},"end":{"line":786,"column":52}},"174":{"start":{"line":797,"column":8},"end":{"line":797,"column":48}},"175":{"start":{"line":813,"column":8},"end":{"line":813,"column":51}},"176":{"start":{"line":814,"column":8},"end":{"line":814,"column":33729}},"177":{"start":{"line":815,"column":12},"end":{"line":815,"column":73}},"178":{"start":{"line":818,"column":12},"end":{"line":818,"column":65}},"179":{"start":{"line":820,"column":8},"end":{"line":820,"column":34}},"180":{"start":{"line":833,"column":8},"end":{"line":833,"column":34339}},"181":{"start":{"line":836,"column":8},"end":{"line":836,"column":34457}},"182":{"start":{"line":869,"column":8},"end":{"line":869,"column":35665}},"183":{"start":{"line":872,"column":8},"end":{"line":872,"column":84}},"184":{"start":{"line":903,"column":8},"end":{"line":903,"column":139}}},"branchMap":{"1":{"line":11,"type":"if","locations":[{"start":{"line":11,"column":8},"end":{"line":11,"column":8}},{"start":{"line":11,"column":8},"end":{"line":11,"column":8}}]},"2":{"line":13,"type":"if","locations":[{"start":{"line":13,"column":13},"end":{"line":13,"column":13}},{"start":{"line":13,"column":13},"end":{"line":13,"column":13}}]},"3":{"line":77,"type":"if","locations":[{"start":{"line":77,"column":8},"end":{"line":77,"column":8}},{"start":{"line":77,"column":8},"end":{"line":77,"column":8}}]},"4":{"line":111,"type":"if","locations":[{"start":{"line":111,"column":8},"end":{"line":111,"column":8}},{"start":{"line":111,"column":8},"end":{"line":111,"column":8}}]},"5":{"line":119,"type":"if","locations":[{"start":{"line":119,"column":8},"end":{"line":119,"column":8}},{"start":{"line":119,"column":8},"end":{"line":119,"column":8}}]},"6":{"line":144,"type":"if","locations":[{"start":{"line":144,"column":8},"end":{"line":144,"column":8}},{"start":{"line":144,"column":8},"end":{"line":144,"column":8}}]},"7":{"line":146,"type":"if","locations":[{"start":{"line":146,"column":8},"end":{"line":146,"column":8}},{"start":{"line":146,"column":8},"end":{"line":146,"column":8}}]},"8":{"line":148,"type":"if","locations":[{"start":{"line":148,"column":12},"end":{"line":148,"column":12}},{"start":{"line":148,"column":12},"end":{"line":148,"column":12}}]},"9":{"line":159,"type":"if","locations":[{"start":{"line":159,"column":8},"end":{"line":159,"column":8}},{"start":{"line":159,"column":8},"end":{"line":159,"column":8}}]},"10":{"line":161,"type":"if","locations":[{"start":{"line":161,"column":8},"end":{"line":161,"column":8}},{"start":{"line":161,"column":8},"end":{"line":161,"column":8}}]},"11":{"line":176,"type":"if","locations":[{"start":{"line":176,"column":8},"end":{"line":176,"column":8}},{"start":{"line":176,"column":8},"end":{"line":176,"column":8}}]},"12":{"line":177,"type":"if","locations":[{"start":{"line":177,"column":8},"end":{"line":177,"column":8}},{"start":{"line":177,"column":8},"end":{"line":177,"column":8}}]},"13":{"line":193,"type":"if","locations":[{"start":{"line":193,"column":8},"end":{"line":193,"column":8}},{"start":{"line":193,"column":8},"end":{"line":193,"column":8}}]},"14":{"line":246,"type":"if","locations":[{"start":{"line":246,"column":8},"end":{"line":246,"column":8}},{"start":{"line":246,"column":8},"end":{"line":246,"column":8}}]},"15":{"line":248,"type":"if","locations":[{"start":{"line":248,"column":8},"end":{"line":248,"column":8}},{"start":{"line":248,"column":8},"end":{"line":248,"column":8}}]},"16":{"line":250,"type":"if","locations":[{"start":{"line":250,"column":8},"end":{"line":250,"column":8}},{"start":{"line":250,"column":8},"end":{"line":250,"column":8}}]},"17":{"line":256,"type":"if","locations":[{"start":{"line":256,"column":12},"end":{"line":256,"column":12}},{"start":{"line":256,"column":12},"end":{"line":256,"column":12}}]},"18":{"line":258,"type":"if","locations":[{"start":{"line":258,"column":12},"end":{"line":258,"column":12}},{"start":{"line":258,"column":12},"end":{"line":258,"column":12}}]},"19":{"line":276,"type":"if","locations":[{"start":{"line":276,"column":8},"end":{"line":276,"column":8}},{"start":{"line":276,"column":8},"end":{"line":276,"column":8}}]},"20":{"line":278,"type":"if","locations":[{"start":{"line":278,"column":8},"end":{"line":278,"column":8}},{"start":{"line":278,"column":8},"end":{"line":278,"column":8}}]},"21":{"line":284,"type":"if","locations":[{"start":{"line":284,"column":8},"end":{"line":284,"column":8}},{"start":{"line":284,"column":8},"end":{"line":284,"column":8}}]},"22":{"line":298,"type":"if","locations":[{"start":{"line":298,"column":8},"end":{"line":298,"column":8}},{"start":{"line":298,"column":8},"end":{"line":298,"column":8}}]},"23":{"line":300,"type":"if","locations":[{"start":{"line":300,"column":8},"end":{"line":300,"column":8}},{"start":{"line":300,"column":8},"end":{"line":300,"column":8}}]},"24":{"line":301,"type":"if","locations":[{"start":{"line":301,"column":8},"end":{"line":301,"column":8}},{"start":{"line":301,"column":8},"end":{"line":301,"column":8}}]},"25":{"line":307,"type":"if","locations":[{"start":{"line":307,"column":8},"end":{"line":307,"column":8}},{"start":{"line":307,"column":8},"end":{"line":307,"column":8}}]},"26":{"line":321,"type":"if","locations":[{"start":{"line":321,"column":8},"end":{"line":321,"column":8}},{"start":{"line":321,"column":8},"end":{"line":321,"column":8}}]},"27":{"line":323,"type":"if","locations":[{"start":{"line":323,"column":8},"end":{"line":323,"column":8}},{"start":{"line":323,"column":8},"end":{"line":323,"column":8}}]},"28":{"line":325,"type":"if","locations":[{"start":{"line":325,"column":8},"end":{"line":325,"column":8}},{"start":{"line":325,"column":8},"end":{"line":325,"column":8}}]},"29":{"line":326,"type":"if","locations":[{"start":{"line":326,"column":8},"end":{"line":326,"column":8}},{"start":{"line":326,"column":8},"end":{"line":326,"column":8}}]},"30":{"line":342,"type":"if","locations":[{"start":{"line":342,"column":8},"end":{"line":342,"column":8}},{"start":{"line":342,"column":8},"end":{"line":342,"column":8}}]},"31":{"line":344,"type":"if","locations":[{"start":{"line":344,"column":8},"end":{"line":344,"column":8}},{"start":{"line":344,"column":8},"end":{"line":344,"column":8}}]},"32":{"line":401,"type":"if","locations":[{"start":{"line":401,"column":8},"end":{"line":401,"column":8}},{"start":{"line":401,"column":8},"end":{"line":401,"column":8}}]},"33":{"line":412,"type":"if","locations":[{"start":{"line":412,"column":8},"end":{"line":412,"column":8}},{"start":{"line":412,"column":8},"end":{"line":412,"column":8}}]},"34":{"line":421,"type":"if","locations":[{"start":{"line":421,"column":8},"end":{"line":421,"column":8}},{"start":{"line":421,"column":8},"end":{"line":421,"column":8}}]},"35":{"line":484,"type":"if","locations":[{"start":{"line":484,"column":4},"end":{"line":484,"column":4}},{"start":{"line":484,"column":4},"end":{"line":484,"column":4}}]},"36":{"line":489,"type":"if","locations":[{"start":{"line":489,"column":4},"end":{"line":489,"column":4}},{"start":{"line":489,"column":4},"end":{"line":489,"column":4}}]},"37":{"line":498,"type":"if","locations":[{"start":{"line":498,"column":4},"end":{"line":498,"column":4}},{"start":{"line":498,"column":4},"end":{"line":498,"column":4}}]},"38":{"line":509,"type":"if","locations":[{"start":{"line":509,"column":4},"end":{"line":509,"column":4}},{"start":{"line":509,"column":4},"end":{"line":509,"column":4}}]},"39":{"line":520,"type":"if","locations":[{"start":{"line":520,"column":4},"end":{"line":520,"column":4}},{"start":{"line":520,"column":4},"end":{"line":520,"column":4}}]},"40":{"line":530,"type":"if","locations":[{"start":{"line":530,"column":4},"end":{"line":530,"column":4}},{"start":{"line":530,"column":4},"end":{"line":530,"column":4}}]},"41":{"line":593,"type":"if","locations":[{"start":{"line":593,"column":8},"end":{"line":593,"column":8}},{"start":{"line":593,"column":8},"end":{"line":593,"column":8}}]},"42":{"line":598,"type":"if","locations":[{"start":{"line":598,"column":8},"end":{"line":598,"column":8}},{"start":{"line":598,"column":8},"end":{"line":598,"column":8}}]},"43":{"line":600,"type":"if","locations":[{"start":{"line":600,"column":8},"end":{"line":600,"column":8}},{"start":{"line":600,"column":8},"end":{"line":600,"column":8}}]},"44":{"line":642,"type":"if","locations":[{"start":{"line":642,"column":8},"end":{"line":642,"column":8}},{"start":{"line":642,"column":8},"end":{"line":642,"column":8}}]},"45":{"line":647,"type":"if","locations":[{"start":{"line":647,"column":8},"end":{"line":647,"column":8}},{"start":{"line":647,"column":8},"end":{"line":647,"column":8}}]},"46":{"line":652,"type":"if","locations":[{"start":{"line":652,"column":8},"end":{"line":652,"column":8}},{"start":{"line":652,"column":8},"end":{"line":652,"column":8}}]},"47":{"line":668,"type":"if","locations":[{"start":{"line":668,"column":8},"end":{"line":668,"column":8}},{"start":{"line":668,"column":8},"end":{"line":668,"column":8}}]},"48":{"line":671,"type":"if","locations":[{"start":{"line":671,"column":12},"end":{"line":671,"column":12}},{"start":{"line":671,"column":12},"end":{"line":671,"column":12}}]},"49":{"line":673,"type":"if","locations":[{"start":{"line":673,"column":12},"end":{"line":673,"column":12}},{"start":{"line":673,"column":12},"end":{"line":673,"column":12}}]},"50":{"line":687,"type":"if","locations":[{"start":{"line":687,"column":8},"end":{"line":687,"column":8}},{"start":{"line":687,"column":8},"end":{"line":687,"column":8}}]},"51":{"line":698,"type":"if","locations":[{"start":{"line":698,"column":12},"end":{"line":698,"column":12}},{"start":{"line":698,"column":12},"end":{"line":698,"column":12}}]},"52":{"line":704,"type":"if","locations":[{"start":{"line":704,"column":16},"end":{"line":704,"column":16}},{"start":{"line":704,"column":16},"end":{"line":704,"column":16}}]},"53":{"line":707,"type":"if","locations":[{"start":{"line":707,"column":16},"end":{"line":707,"column":16}},{"start":{"line":707,"column":16},"end":{"line":707,"column":16}}]},"54":{"line":715,"type":"if","locations":[{"start":{"line":715,"column":16},"end":{"line":715,"column":16}},{"start":{"line":715,"column":16},"end":{"line":715,"column":16}}]},"55":{"line":724,"type":"if","locations":[{"start":{"line":724,"column":16},"end":{"line":724,"column":16}},{"start":{"line":724,"column":16},"end":{"line":724,"column":16}}]},"56":{"line":726,"type":"if","locations":[{"start":{"line":726,"column":19},"end":{"line":726,"column":19}},{"start":{"line":726,"column":19},"end":{"line":726,"column":19}}]},"57":{"line":731,"type":"if","locations":[{"start":{"line":731,"column":16},"end":{"line":731,"column":16}},{"start":{"line":731,"column":16},"end":{"line":731,"column":16}}]},"58":{"line":733,"type":"if","locations":[{"start":{"line":733,"column":16},"end":{"line":733,"column":16}},{"start":{"line":733,"column":16},"end":{"line":733,"column":16}}]},"59":{"line":736,"type":"if","locations":[{"start":{"line":736,"column":19},"end":{"line":736,"column":19}},{"start":{"line":736,"column":19},"end":{"line":736,"column":19}}]},"60":{"line":745,"type":"if","locations":[{"start":{"line":745,"column":12},"end":{"line":745,"column":12}},{"start":{"line":745,"column":12},"end":{"line":745,"column":12}}]},"61":{"line":772,"type":"if","locations":[{"start":{"line":772,"column":8},"end":{"line":772,"column":8}},{"start":{"line":772,"column":8},"end":{"line":772,"column":8}}]},"62":{"line":785,"type":"if","locations":[{"start":{"line":785,"column":8},"end":{"line":785,"column":8}},{"start":{"line":785,"column":8},"end":{"line":785,"column":8}}]},"63":{"line":814,"type":"if","locations":[{"start":{"line":814,"column":8},"end":{"line":814,"column":8}},{"start":{"line":814,"column":8},"end":{"line":814,"column":8}}]},"64":{"line":815,"type":"if","locations":[{"start":{"line":815,"column":12},"end":{"line":815,"column":12}},{"start":{"line":815,"column":12},"end":{"line":815,"column":12}}]}}},"contracts/ReversibleICO.sol":{"l":{"103":1,"104":1,"114":0,"116":0,"119":0,"139":0,"140":0,"141":0,"144":0,"147":0,"148":0,"149":0,"150":0,"152":0,"155":0,"156":0,"157":0,"158":0,"159":0,"161":0,"164":0,"166":0,"167":0,"168":0,"169":0,"170":0,"172":0,"175":0,"177":0,"178":0,"180":0,"194":0,"207":0,"208":0,"212":0,"215":0,"217":0,"222":0,"223":0,"226":0,"230":0,"234":0,"235":0,"236":0,"239":0,"252":0,"264":0,"363":0,"377":0,"380":0,"383":0,"385":0,"388":0,"392":0,"395":0,"396":0,"406":0,"407":0,"410":0,"411":0,"414":0,"415":0,"419":0,"422":0,"423":0,"425":0,"439":0,"441":0,"442":0,"443":0,"445":0,"447":0,"449":0,"452":0,"453":0,"455":0,"457":0,"458":0,"463":0,"464":0,"465":0,"469":0,"470":0,"471":0,"474":0,"477":0,"478":0,"480":0,"482":0,"486":0,"487":0,"490":0,"492":0,"497":0,"498":0,"499":0,"502":0,"514":0,"520":0,"524":0,"526":0,"531":0,"532":0,"537":0,"539":0,"540":0,"541":0,"543":0,"545":0,"547":0,"554":0,"576":0,"577":0,"580":0,"581":0,"582":0,"584":0,"595":0,"596":0,"598":0,"599":0,"601":0,"604":0,"613":0,"614":0,"616":0,"624":0,"625":0,"626":0,"628":0,"640":0,"643":0,"645":0,"649":0,"650":0,"651":0,"653":0,"654":0,"655":0,"658":0,"667":0,"669":0,"670":0,"675":0,"682":0,"684":0,"685":0,"687":0,"689":0,"690":0,"693":0,"694":0,"697":0,"700":0,"701":0,"706":0,"710":0,"712":0,"715":0,"716":0,"717":0,"718":0,"723":0,"742":0,"745":0,"748":0,"749":0,"753":0,"771":0,"773":0,"774":0,"777":0,"780":0,"783":0,"786":0,"797":0,"798":0,"803":0,"811":0,"826":0,"827":0,"829":0,"830":0,"831":0,"835":0,"837":0,"848":0,"860":0,"868":0,"871":0,"876":0,"877":0,"879":0,"884":0,"889":0,"892":0,"905":0,"906":0,"936":0,"939":0,"956":0,"957":0,"961":0,"962":0,"966":0,"967":0,"971":0,"972":0,"976":0,"977":0,"981":0,"982":0,"986":0,"987":0,"991":0,"992":0,"996":0,"997":0,"1001":0,"1002":0},"path":"/Volumes/Dev/RICO/poc/contracts/ReversibleICO.sol","s":{"1":1,"2":1,"3":0,"4":0,"5":0,"6":0,"7":0,"8":0,"9":0,"10":0,"11":0,"12":0,"13":0,"14":0,"15":0,"16":0,"17":0,"18":0,"19":0,"20":0,"21":0,"22":0,"23":0,"24":0,"25":0,"26":0,"27":0,"28":0,"29":0,"30":0,"31":0,"32":0,"33":0,"34":0,"35":0,"36":0,"37":0,"38":0,"39":0,"40":0,"41":0,"42":0,"43":0,"44":0,"45":0,"46":0,"47":0,"48":0,"49":0,"50":0,"51":0,"52":0,"53":0,"54":0,"55":0,"56":0,"57":0,"58":0,"59":0,"60":0,"61":0,"62":0,"63":0,"64":0,"65":0,"66":0,"67":0,"68":0,"69":0,"70":0,"71":0,"72":0,"73":0,"74":0,"75":0,"76":0,"77":0,"78":0,"79":0,"80":0,"81":0,"82":0,"83":0,"84":0,"85":0,"86":0,"87":0,"88":0,"89":0,"90":0,"91":0,"92":0,"93":0,"94":0,"95":0,"96":0,"97":0,"98":0,"99":0,"100":0,"101":0,"102":0,"103":0,"104":0,"105":0,"106":0,"107":0,"108":0,"109":0,"110":0,"111":0,"112":0,"113":0,"114":0,"115":0,"116":0,"117":0,"118":0,"119":0,"120":0,"121":0,"122":0,"123":0,"124":0,"125":0,"126":0,"127":0,"128":0,"129":0,"130":0,"131":0,"132":0,"133":0,"134":0,"135":0,"136":0,"137":0,"138":0,"139":0,"140":0,"141":0,"142":0,"143":0,"144":0,"145":0,"146":0,"147":0,"148":0,"149":0,"150":0,"151":0,"152":0,"153":0,"154":0,"155":0,"156":0,"157":0,"158":0,"159":0,"160":0,"161":0,"162":0,"163":0,"164":0,"165":0,"166":0,"167":0,"168":0,"169":0,"170":0,"171":0,"172":0,"173":0,"174":0,"175":0,"176":0,"177":0,"178":0,"179":0,"180":0,"181":0,"182":0,"183":0,"184":0,"185":0,"186":0,"187":0,"188":0,"189":0,"190":0,"191":0,"192":0,"193":0,"194":0,"195":0,"196":0,"197":0,"198":0,"199":0,"200":0,"201":0,"202":0,"203":0,"204":0,"205":0,"206":0,"207":0,"208":0,"209":0},"b":{"1":[0,0],"2":[0,0],"3":[0,0],"4":[0,0],"5":[0,0],"6":[0,0],"7":[0,0],"8":[0,0],"9":[0,0],"10":[0,0],"11":[0,0],"12":[0,0],"13":[0,0],"14":[0,0],"15":[0,0],"16":[0,0],"17":[0,0],"18":[0,0],"19":[0,0],"20":[0,0],"21":[0,0],"22":[0,0],"23":[0,0],"24":[0,0],"25":[0,0],"26":[0,0],"27":[0,0],"28":[0,0],"29":[0,0],"30":[0,0],"31":[0,0],"32":[0,0],"33":[0,0],"34":[0,0],"35":[0,0],"36":[0,0],"37":[0,0],"38":[0,0],"39":[0,0],"40":[0,0],"41":[0,0],"42":[0,0],"43":[0,0],"44":[0,0],"45":[0,0],"46":[0,0],"47":[0,0]},"f":{"1":1,"2":0,"3":0,"4":0,"5":0,"6":0,"7":0,"8":0,"9":0,"10":0,"11":0,"12":0,"13":0,"14":0,"15":0,"16":0,"17":0,"18":0,"19":0,"20":0,"21":0,"22":0,"23":0,"24":0,"25":0,"26":0,"27":0,"28":0,"29":0,"30":0,"31":0,"32":0,"33":0,"34":0,"35":0,"36":0,"37":0,"38":0,"39":0,"40":0},"fnMap":{"1":{"name":"constructor","line":102,"loc":{"start":{"line":102,"column":4},"end":{"line":102,"column":22}}},"2":{"name":"","line":108,"loc":{"start":{"line":108,"column":4},"end":{"line":113,"column":5}}},"3":{"name":"addSettings","line":123,"loc":{"start":{"line":123,"column":4},"end":{"line":137,"column":5}}},"4":{"name":"getCurrentStage","line":193,"loc":{"start":{"line":193,"column":4},"end":{"line":193,"column":58}}},"5":{"name":"getStageAtBlock","line":197,"loc":{"start":{"line":197,"column":4},"end":{"line":197,"column":79}}},"6":{"name":"getCurrentPrice","line":229,"loc":{"start":{"line":229,"column":4},"end":{"line":229,"column":60}}},"7":{"name":"getPriceAtBlock","line":233,"loc":{"start":{"line":233,"column":4},"end":{"line":233,"column":79}}},"8":{"name":"getTokenAmountForEthAtStage","line":244,"loc":{"start":{"line":244,"column":4},"end":{"line":249,"column":5}}},"9":{"name":"getEthAmountForTokensAtStage","line":257,"loc":{"start":{"line":257,"column":4},"end":{"line":262,"column":5}}},"10":{"name":"availableEth","line":362,"loc":{"start":{"line":362,"column":4},"end":{"line":362,"column":55}}},"11":{"name":"commit","line":371,"loc":{"start":{"line":371,"column":4},"end":{"line":375,"column":5}}},"12":{"name":"recordNewContribution","line":403,"loc":{"start":{"line":403,"column":4},"end":{"line":405,"column":5}}},"13":{"name":"acceptContributionsForAddress","line":433,"loc":{"start":{"line":433,"column":4},"end":{"line":438,"column":5}}},"14":{"name":"cancelContributionsForAddress","line":507,"loc":{"start":{"line":507,"column":4},"end":{"line":512,"column":5}}},"15":{"name":"recalculateFunds","line":561,"loc":{"start":{"line":561,"column":4},"end":{"line":563,"column":5}}},"16":{"name":"cancel","line":570,"loc":{"start":{"line":570,"column":4},"end":{"line":575,"column":5}}},"17":{"name":"getCancelModeStates","line":590,"loc":{"start":{"line":590,"column":4},"end":{"line":594,"column":5}}},"18":{"name":"canCancelBySendingTokensBack","line":608,"loc":{"start":{"line":608,"column":4},"end":{"line":612,"column":5}}},"19":{"name":"canCancelBySendingEthToContract","line":619,"loc":{"start":{"line":619,"column":4},"end":{"line":623,"column":5}}},"20":{"name":"withdraw","line":634,"loc":{"start":{"line":634,"column":4},"end":{"line":634,"column":75}}},"21":{"name":"tokensReceived","line":727,"loc":{"start":{"line":727,"column":4},"end":{"line":739,"column":5}}},"22":{"name":"whitelistOrReject","line":762,"loc":{"start":{"line":762,"column":4},"end":{"line":770,"column":5}}},"23":{"name":"whitelistOrRejectMultiple","line":796,"loc":{"start":{"line":796,"column":4},"end":{"line":796,"column":83}}},"24":{"name":"isWhitelisted","line":802,"loc":{"start":{"line":802,"column":4},"end":{"line":802,"column":71}}},"25":{"name":"getCurrentBlockNumber","line":810,"loc":{"start":{"line":810,"column":4},"end":{"line":810,"column":64}}},"26":{"name":"getCurrentUnlockRatio","line":822,"loc":{"start":{"line":822,"column":4},"end":{"line":825,"column":5}}},"27":{"name":"getLockedTokenAmount","line":844,"loc":{"start":{"line":844,"column":4},"end":{"line":844,"column":79}}},"28":{"name":"getLockedFromAmountAtBlock","line":858,"loc":{"start":{"line":858,"column":4},"end":{"line":858,"column":109}}},"29":{"name":"projectWithdraw","line":900,"loc":{"start":{"line":900,"column":4},"end":{"line":904,"column":5}}},"30":{"name":"ParticipantTotalsDetails","line":923,"loc":{"start":{"line":923,"column":4},"end":{"line":934,"column":7}}},"31":{"name":"onlyDeployer","line":955,"loc":{"start":{"line":955,"column":4},"end":{"line":955,"column":25}}},"32":{"name":"onlyWhitelistController","line":960,"loc":{"start":{"line":960,"column":4},"end":{"line":960,"column":36}}},"33":{"name":"requireInitialized","line":965,"loc":{"start":{"line":965,"column":4},"end":{"line":965,"column":31}}},"34":{"name":"requireNotInitialized","line":970,"loc":{"start":{"line":970,"column":4},"end":{"line":970,"column":34}}},"35":{"name":"requireRunning","line":975,"loc":{"start":{"line":975,"column":4},"end":{"line":975,"column":27}}},"36":{"name":"requireNotRunning","line":980,"loc":{"start":{"line":980,"column":4},"end":{"line":980,"column":30}}},"37":{"name":"requireEnded","line":985,"loc":{"start":{"line":985,"column":4},"end":{"line":985,"column":25}}},"38":{"name":"requireNotEnded","line":990,"loc":{"start":{"line":990,"column":4},"end":{"line":990,"column":28}}},"39":{"name":"requireFrozen","line":995,"loc":{"start":{"line":995,"column":4},"end":{"line":995,"column":26}}},"40":{"name":"requireNotFrozen","line":1000,"loc":{"start":{"line":1000,"column":4},"end":{"line":1000,"column":29}}}},"statementMap":{"1":{"start":{"line":103,"column":8},"end":{"line":103,"column":35}},"2":{"start":{"line":104,"column":8},"end":{"line":104,"column":102}},"3":{"start":{"line":114,"column":8},"end":{"line":114,"column":2868}},"4":{"start":{"line":116,"column":12},"end":{"line":116,"column":19}},"5":{"start":{"line":119,"column":12},"end":{"line":119,"column":19}},"6":{"start":{"line":139,"column":8},"end":{"line":139,"column":49}},"7":{"start":{"line":140,"column":8},"end":{"line":140,"column":63}},"8":{"start":{"line":141,"column":8},"end":{"line":141,"column":51}},"9":{"start":{"line":144,"column":8},"end":{"line":144,"column":50}},"10":{"start":{"line":147,"column":8},"end":{"line":147,"column":31}},"11":{"start":{"line":148,"column":8},"end":{"line":148,"column":51}},"12":{"start":{"line":149,"column":8},"end":{"line":149,"column":61}},"13":{"start":{"line":150,"column":8},"end":{"line":150,"column":41}},"14":{"start":{"line":152,"column":8},"end":{"line":152,"column":41}},"15":{"start":{"line":155,"column":8},"end":{"line":155,"column":77}},"16":{"start":{"line":156,"column":8},"end":{"line":156,"column":44}},"17":{"start":{"line":157,"column":8},"end":{"line":157,"column":66}},"18":{"start":{"line":158,"column":8},"end":{"line":158,"column":49}},"19":{"start":{"line":161,"column":8},"end":{"line":161,"column":57}},"20":{"start":{"line":164,"column":8},"end":{"line":164,"column":4588}},"21":{"start":{"line":166,"column":12},"end":{"line":166,"column":58}},"22":{"start":{"line":167,"column":12},"end":{"line":167,"column":58}},"23":{"start":{"line":168,"column":12},"end":{"line":168,"column":75}},"24":{"start":{"line":169,"column":12},"end":{"line":169,"column":85}},"25":{"start":{"line":172,"column":12},"end":{"line":172,"column":52}},"26":{"start":{"line":175,"column":8},"end":{"line":175,"column":35}},"27":{"start":{"line":177,"column":8},"end":{"line":177,"column":54}},"28":{"start":{"line":178,"column":8},"end":{"line":178,"column":75}},"29":{"start":{"line":180,"column":8},"end":{"line":180,"column":25}},"30":{"start":{"line":194,"column":8},"end":{"line":194,"column":55}},"31":{"start":{"line":207,"column":8},"end":{"line":207,"column":6299}},"32":{"start":{"line":208,"column":12},"end":{"line":208,"column":20}},"33":{"start":{"line":212,"column":8},"end":{"line":212,"column":86}},"34":{"start":{"line":215,"column":8},"end":{"line":215,"column":6620}},"35":{"start":{"line":217,"column":12},"end":{"line":217,"column":33}},"36":{"start":{"line":222,"column":8},"end":{"line":222,"column":6884}},"37":{"start":{"line":223,"column":12},"end":{"line":223,"column":22}},"38":{"start":{"line":226,"column":8},"end":{"line":226,"column":25}},"39":{"start":{"line":230,"column":8},"end":{"line":230,"column":55}},"40":{"start":{"line":234,"column":8},"end":{"line":234,"column":50}},"41":{"start":{"line":235,"column":8},"end":{"line":235,"column":7259}},"42":{"start":{"line":236,"column":12},"end":{"line":236,"column":51}},"43":{"start":{"line":239,"column":8},"end":{"line":239,"column":16}},"44":{"start":{"line":252,"column":8},"end":{"line":252,"column":7887}},"45":{"start":{"line":264,"column":8},"end":{"line":264,"column":8187}},"46":{"start":{"line":363,"column":8},"end":{"line":363,"column":11060}},"47":{"start":{"line":377,"column":8},"end":{"line":377,"column":31}},"48":{"start":{"line":380,"column":8},"end":{"line":380,"column":81}},"49":{"start":{"line":383,"column":8},"end":{"line":383,"column":11595}},"50":{"start":{"line":388,"column":12},"end":{"line":388,"column":58}},"51":{"start":{"line":392,"column":8},"end":{"line":392,"column":51}},"52":{"start":{"line":395,"column":8},"end":{"line":395,"column":12017}},"53":{"start":{"line":396,"column":12},"end":{"line":396,"column":96}},"54":{"start":{"line":406,"column":8},"end":{"line":406,"column":46}},"55":{"start":{"line":407,"column":8},"end":{"line":407,"column":80}},"56":{"start":{"line":411,"column":8},"end":{"line":411,"column":51}},"57":{"start":{"line":414,"column":8},"end":{"line":414,"column":79}},"58":{"start":{"line":415,"column":8},"end":{"line":415,"column":41}},"59":{"start":{"line":419,"column":8},"end":{"line":419,"column":12925}},"60":{"start":{"line":422,"column":8},"end":{"line":422,"column":48}},"61":{"start":{"line":423,"column":8},"end":{"line":423,"column":58}},"62":{"start":{"line":425,"column":8},"end":{"line":425,"column":13152}},"63":{"start":{"line":439,"column":8},"end":{"line":439,"column":80}},"64":{"start":{"line":441,"column":8},"end":{"line":441,"column":46}},"65":{"start":{"line":442,"column":8},"end":{"line":442,"column":13616}},"66":{"start":{"line":443,"column":12},"end":{"line":443,"column":30}},"67":{"start":{"line":445,"column":12},"end":{"line":445,"column":79}},"68":{"start":{"line":447,"column":12},"end":{"line":447,"column":93}},"69":{"start":{"line":449,"column":12},"end":{"line":449,"column":13886}},"70":{"start":{"line":452,"column":16},"end":{"line":452,"column":75}},"71":{"start":{"line":453,"column":16},"end":{"line":453,"column":42}},"72":{"start":{"line":455,"column":16},"end":{"line":455,"column":59}},"73":{"start":{"line":457,"column":16},"end":{"line":457,"column":78}},"74":{"start":{"line":458,"column":16},"end":{"line":458,"column":39}},"75":{"start":{"line":463,"column":16},"end":{"line":463,"column":14499}},"76":{"start":{"line":464,"column":20},"end":{"line":464,"column":56}},"77":{"start":{"line":465,"column":20},"end":{"line":465,"column":14673}},"78":{"start":{"line":469,"column":20},"end":{"line":469,"column":45}},"79":{"start":{"line":470,"column":20},"end":{"line":470,"column":60}},"80":{"start":{"line":471,"column":20},"end":{"line":471,"column":49}},"81":{"start":{"line":474,"column":16},"end":{"line":474,"column":14999}},"82":{"start":{"line":477,"column":20},"end":{"line":477,"column":50}},"83":{"start":{"line":478,"column":20},"end":{"line":478,"column":65}},"84":{"start":{"line":480,"column":20},"end":{"line":480,"column":55}},"85":{"start":{"line":482,"column":20},"end":{"line":482,"column":15302}},"86":{"start":{"line":486,"column":20},"end":{"line":486,"column":59}},"87":{"start":{"line":487,"column":20},"end":{"line":487,"column":69}},"88":{"start":{"line":490,"column":20},"end":{"line":490,"column":37}},"89":{"start":{"line":492,"column":20},"end":{"line":492,"column":69}},"90":{"start":{"line":497,"column":16},"end":{"line":497,"column":15968}},"91":{"start":{"line":498,"column":20},"end":{"line":498,"column":68}},"92":{"start":{"line":499,"column":20},"end":{"line":499,"column":101}},"93":{"start":{"line":502,"column":16},"end":{"line":502,"column":89}},"94":{"start":{"line":514,"column":8},"end":{"line":514,"column":80}},"95":{"start":{"line":520,"column":8},"end":{"line":520,"column":16851}},"96":{"start":{"line":524,"column":8},"end":{"line":524,"column":17005}},"97":{"start":{"line":526,"column":12},"end":{"line":526,"column":49}},"98":{"start":{"line":531,"column":12},"end":{"line":531,"column":48}},"99":{"start":{"line":532,"column":12},"end":{"line":532,"column":65}},"100":{"start":{"line":537,"column":12},"end":{"line":537,"column":84}},"101":{"start":{"line":539,"column":12},"end":{"line":539,"column":46}},"102":{"start":{"line":540,"column":12},"end":{"line":540,"column":17610}},"103":{"start":{"line":541,"column":16},"end":{"line":541,"column":79}},"104":{"start":{"line":542,"column":19},"end":{"line":542,"column":17778}},"105":{"start":{"line":543,"column":16},"end":{"line":543,"column":81}},"106":{"start":{"line":545,"column":12},"end":{"line":545,"column":92}},"107":{"start":{"line":547,"column":12},"end":{"line":547,"column":18054}},"108":{"start":{"line":554,"column":12},"end":{"line":554,"column":69}},"109":{"start":{"line":576,"column":8},"end":{"line":576,"column":18716}},"110":{"start":{"line":577,"column":12},"end":{"line":577,"column":95}},"111":{"start":{"line":580,"column":8},"end":{"line":580,"column":18893}},"112":{"start":{"line":581,"column":12},"end":{"line":581,"column":101}},"113":{"start":{"line":582,"column":12},"end":{"line":582,"column":18}},"114":{"start":{"line":584,"column":8},"end":{"line":584,"column":58}},"115":{"start":{"line":595,"column":8},"end":{"line":595,"column":20}},"116":{"start":{"line":596,"column":8},"end":{"line":596,"column":23}},"117":{"start":{"line":598,"column":8},"end":{"line":598,"column":89}},"118":{"start":{"line":599,"column":8},"end":{"line":599,"column":19520}},"119":{"start":{"line":601,"column":12},"end":{"line":601,"column":70}},"120":{"start":{"line":604,"column":12},"end":{"line":604,"column":70}},"121":{"start":{"line":613,"column":8},"end":{"line":613,"column":20050}},"122":{"start":{"line":614,"column":12},"end":{"line":614,"column":23}},"123":{"start":{"line":616,"column":8},"end":{"line":616,"column":20}},"124":{"start":{"line":624,"column":8},"end":{"line":624,"column":89}},"125":{"start":{"line":625,"column":8},"end":{"line":625,"column":20396}},"126":{"start":{"line":626,"column":12},"end":{"line":626,"column":23}},"127":{"start":{"line":628,"column":8},"end":{"line":628,"column":20}},"128":{"start":{"line":640,"column":8},"end":{"line":640,"column":76}},"129":{"start":{"line":643,"column":8},"end":{"line":643,"column":21070}},"130":{"start":{"line":645,"column":12},"end":{"line":645,"column":64}},"131":{"start":{"line":649,"column":12},"end":{"line":649,"column":65}},"132":{"start":{"line":650,"column":12},"end":{"line":650,"column":59}},"133":{"start":{"line":651,"column":12},"end":{"line":651,"column":41}},"134":{"start":{"line":653,"column":12},"end":{"line":653,"column":21510}},"135":{"start":{"line":654,"column":16},"end":{"line":654,"column":67}},"136":{"start":{"line":655,"column":16},"end":{"line":655,"column":47}},"137":{"start":{"line":658,"column":12},"end":{"line":658,"column":21696}},"138":{"start":{"line":667,"column":16},"end":{"line":667,"column":43}},"139":{"start":{"line":669,"column":16},"end":{"line":669,"column":60}},"140":{"start":{"line":670,"column":16},"end":{"line":670,"column":22324}},"141":{"start":{"line":675,"column":20},"end":{"line":675,"column":22614}},"142":{"start":{"line":682,"column":20},"end":{"line":682,"column":22993}},"143":{"start":{"line":684,"column":24},"end":{"line":684,"column":23048}},"144":{"start":{"line":685,"column":28},"end":{"line":685,"column":65}},"145":{"start":{"line":687,"column":24},"end":{"line":687,"column":106}},"146":{"start":{"line":689,"column":24},"end":{"line":689,"column":75}},"147":{"start":{"line":690,"column":24},"end":{"line":690,"column":93}},"148":{"start":{"line":693,"column":24},"end":{"line":693,"column":78}},"149":{"start":{"line":694,"column":24},"end":{"line":694,"column":88}},"150":{"start":{"line":697,"column":24},"end":{"line":697,"column":87}},"151":{"start":{"line":700,"column":24},"end":{"line":700,"column":23965}},"152":{"start":{"line":706,"column":16},"end":{"line":706,"column":24107}},"153":{"start":{"line":710,"column":20},"end":{"line":710,"column":37}},"154":{"start":{"line":712,"column":20},"end":{"line":712,"column":68}},"155":{"start":{"line":715,"column":16},"end":{"line":715,"column":61}},"156":{"start":{"line":716,"column":16},"end":{"line":716,"column":64}},"157":{"start":{"line":717,"column":16},"end":{"line":717,"column":101}},"158":{"start":{"line":718,"column":16},"end":{"line":718,"column":22}},"159":{"start":{"line":723,"column":8},"end":{"line":723,"column":83}},"160":{"start":{"line":742,"column":8},"end":{"line":742,"column":91}},"161":{"start":{"line":745,"column":8},"end":{"line":745,"column":25426}},"162":{"start":{"line":748,"column":12},"end":{"line":748,"column":32}},"163":{"start":{"line":749,"column":12},"end":{"line":749,"column":18}},"164":{"start":{"line":753,"column":12},"end":{"line":753,"column":33}},"165":{"start":{"line":771,"column":8},"end":{"line":771,"column":79}},"166":{"start":{"line":773,"column":8},"end":{"line":773,"column":26091}},"167":{"start":{"line":774,"column":12},"end":{"line":774,"column":47}},"168":{"start":{"line":777,"column":12},"end":{"line":777,"column":57}},"169":{"start":{"line":779,"column":15},"end":{"line":779,"column":26319}},"170":{"start":{"line":780,"column":12},"end":{"line":780,"column":48}},"171":{"start":{"line":783,"column":12},"end":{"line":783,"column":57}},"172":{"start":{"line":786,"column":12},"end":{"line":786,"column":63}},"173":{"start":{"line":797,"column":8},"end":{"line":797,"column":26922}},"174":{"start":{"line":798,"column":12},"end":{"line":798,"column":48}},"175":{"start":{"line":803,"column":8},"end":{"line":803,"column":58}},"176":{"start":{"line":811,"column":8},"end":{"line":811,"column":27}},"177":{"start":{"line":826,"column":8},"end":{"line":826,"column":28}},"178":{"start":{"line":827,"column":8},"end":{"line":827,"column":54}},"179":{"start":{"line":829,"column":8},"end":{"line":829,"column":27778}},"180":{"start":{"line":830,"column":12},"end":{"line":830,"column":75}},"181":{"start":{"line":831,"column":12},"end":{"line":831,"column":27972}},"182":{"start":{"line":834,"column":15},"end":{"line":834,"column":28063}},"183":{"start":{"line":835,"column":12},"end":{"line":835,"column":20}},"184":{"start":{"line":837,"column":12},"end":{"line":837,"column":20}},"185":{"start":{"line":848,"column":8},"end":{"line":848,"column":28610}},"186":{"start":{"line":860,"column":8},"end":{"line":860,"column":29030}},"187":{"start":{"line":868,"column":12},"end":{"line":868,"column":29370}},"188":{"start":{"line":871,"column":16},"end":{"line":871,"column":34}},"189":{"start":{"line":873,"column":19},"end":{"line":873,"column":29506}},"190":{"start":{"line":876,"column":16},"end":{"line":876,"column":36}},"191":{"start":{"line":877,"column":16},"end":{"line":877,"column":44}},"192":{"start":{"line":879,"column":16},"end":{"line":879,"column":29680}},"193":{"start":{"line":884,"column":16},"end":{"line":884,"column":43}},"194":{"start":{"line":889,"column":16},"end":{"line":889,"column":24}},"195":{"start":{"line":892,"column":12},"end":{"line":892,"column":20}},"196":{"start":{"line":905,"column":8},"end":{"line":905,"column":79}},"197":{"start":{"line":906,"column":8},"end":{"line":906,"column":73}},"198":{"start":{"line":936,"column":8},"end":{"line":936,"column":30992}},"199":{"start":{"line":939,"column":8},"end":{"line":939,"column":31081}},"200":{"start":{"line":956,"column":8},"end":{"line":956,"column":97}},"201":{"start":{"line":961,"column":8},"end":{"line":961,"column":131}},"202":{"start":{"line":966,"column":8},"end":{"line":966,"column":87}},"203":{"start":{"line":971,"column":8},"end":{"line":971,"column":92}},"204":{"start":{"line":976,"column":8},"end":{"line":976,"column":69}},"205":{"start":{"line":981,"column":8},"end":{"line":981,"column":74}},"206":{"start":{"line":986,"column":8},"end":{"line":986,"column":74}},"207":{"start":{"line":991,"column":8},"end":{"line":991,"column":79}},"208":{"start":{"line":996,"column":8},"end":{"line":996,"column":72}},"209":{"start":{"line":1001,"column":8},"end":{"line":1001,"column":77}}},"branchMap":{"1":{"line":114,"type":"if","locations":[{"start":{"line":114,"column":8},"end":{"line":114,"column":8}},{"start":{"line":114,"column":8},"end":{"line":114,"column":8}}]},"2":{"line":207,"type":"if","locations":[{"start":{"line":207,"column":8},"end":{"line":207,"column":8}},{"start":{"line":207,"column":8},"end":{"line":207,"column":8}}]},"3":{"line":215,"type":"if","locations":[{"start":{"line":215,"column":8},"end":{"line":215,"column":8}},{"start":{"line":215,"column":8},"end":{"line":215,"column":8}}]},"4":{"line":222,"type":"if","locations":[{"start":{"line":222,"column":8},"end":{"line":222,"column":8}},{"start":{"line":222,"column":8},"end":{"line":222,"column":8}}]},"5":{"line":235,"type":"if","locations":[{"start":{"line":235,"column":8},"end":{"line":235,"column":8}},{"start":{"line":235,"column":8},"end":{"line":235,"column":8}}]},"6":{"line":383,"type":"if","locations":[{"start":{"line":383,"column":8},"end":{"line":383,"column":8}},{"start":{"line":383,"column":8},"end":{"line":383,"column":8}}]},"7":{"line":395,"type":"if","locations":[{"start":{"line":395,"column":8},"end":{"line":395,"column":8}},{"start":{"line":395,"column":8},"end":{"line":395,"column":8}}]},"8":{"line":449,"type":"if","locations":[{"start":{"line":449,"column":12},"end":{"line":449,"column":12}},{"start":{"line":449,"column":12},"end":{"line":449,"column":12}}]},"9":{"line":463,"type":"if","locations":[{"start":{"line":463,"column":16},"end":{"line":463,"column":16}},{"start":{"line":463,"column":16},"end":{"line":463,"column":16}}]},"10":{"line":474,"type":"if","locations":[{"start":{"line":474,"column":16},"end":{"line":474,"column":16}},{"start":{"line":474,"column":16},"end":{"line":474,"column":16}}]},"11":{"line":497,"type":"if","locations":[{"start":{"line":497,"column":16},"end":{"line":497,"column":16}},{"start":{"line":497,"column":16},"end":{"line":497,"column":16}}]},"12":{"line":524,"type":"if","locations":[{"start":{"line":524,"column":8},"end":{"line":524,"column":8}},{"start":{"line":524,"column":8},"end":{"line":524,"column":8}}]},"13":{"line":540,"type":"if","locations":[{"start":{"line":540,"column":12},"end":{"line":540,"column":12}},{"start":{"line":540,"column":12},"end":{"line":540,"column":12}}]},"14":{"line":542,"type":"if","locations":[{"start":{"line":542,"column":19},"end":{"line":542,"column":19}},{"start":{"line":542,"column":19},"end":{"line":542,"column":19}}]},"15":{"line":576,"type":"if","locations":[{"start":{"line":576,"column":8},"end":{"line":576,"column":8}},{"start":{"line":576,"column":8},"end":{"line":576,"column":8}}]},"16":{"line":580,"type":"if","locations":[{"start":{"line":580,"column":8},"end":{"line":580,"column":8}},{"start":{"line":580,"column":8},"end":{"line":580,"column":8}}]},"17":{"line":599,"type":"if","locations":[{"start":{"line":599,"column":8},"end":{"line":599,"column":8}},{"start":{"line":599,"column":8},"end":{"line":599,"column":8}}]},"18":{"line":613,"type":"if","locations":[{"start":{"line":613,"column":8},"end":{"line":613,"column":8}},{"start":{"line":613,"column":8},"end":{"line":613,"column":8}}]},"19":{"line":625,"type":"if","locations":[{"start":{"line":625,"column":8},"end":{"line":625,"column":8}},{"start":{"line":625,"column":8},"end":{"line":625,"column":8}}]},"20":{"line":643,"type":"if","locations":[{"start":{"line":643,"column":8},"end":{"line":643,"column":8}},{"start":{"line":643,"column":8},"end":{"line":643,"column":8}}]},"21":{"line":653,"type":"if","locations":[{"start":{"line":653,"column":12},"end":{"line":653,"column":12}},{"start":{"line":653,"column":12},"end":{"line":653,"column":12}}]},"22":{"line":658,"type":"if","locations":[{"start":{"line":658,"column":12},"end":{"line":658,"column":12}},{"start":{"line":658,"column":12},"end":{"line":658,"column":12}}]},"23":{"line":682,"type":"if","locations":[{"start":{"line":682,"column":20},"end":{"line":682,"column":20}},{"start":{"line":682,"column":20},"end":{"line":682,"column":20}}]},"24":{"line":684,"type":"if","locations":[{"start":{"line":684,"column":24},"end":{"line":684,"column":24}},{"start":{"line":684,"column":24},"end":{"line":684,"column":24}}]},"25":{"line":700,"type":"if","locations":[{"start":{"line":700,"column":24},"end":{"line":700,"column":24}},{"start":{"line":700,"column":24},"end":{"line":700,"column":24}}]},"26":{"line":706,"type":"if","locations":[{"start":{"line":706,"column":16},"end":{"line":706,"column":16}},{"start":{"line":706,"column":16},"end":{"line":706,"column":16}}]},"27":{"line":742,"type":"if","locations":[{"start":{"line":742,"column":8},"end":{"line":742,"column":8}},{"start":{"line":742,"column":8},"end":{"line":742,"column":8}}]},"28":{"line":745,"type":"if","locations":[{"start":{"line":745,"column":8},"end":{"line":745,"column":8}},{"start":{"line":745,"column":8},"end":{"line":745,"column":8}}]},"29":{"line":773,"type":"if","locations":[{"start":{"line":773,"column":8},"end":{"line":773,"column":8}},{"start":{"line":773,"column":8},"end":{"line":773,"column":8}}]},"30":{"line":779,"type":"if","locations":[{"start":{"line":779,"column":15},"end":{"line":779,"column":15}},{"start":{"line":779,"column":15},"end":{"line":779,"column":15}}]},"31":{"line":829,"type":"if","locations":[{"start":{"line":829,"column":8},"end":{"line":829,"column":8}},{"start":{"line":829,"column":8},"end":{"line":829,"column":8}}]},"32":{"line":834,"type":"if","locations":[{"start":{"line":834,"column":15},"end":{"line":834,"column":15}},{"start":{"line":834,"column":15},"end":{"line":834,"column":15}}]},"33":{"line":860,"type":"if","locations":[{"start":{"line":860,"column":8},"end":{"line":860,"column":8}},{"start":{"line":860,"column":8},"end":{"line":860,"column":8}}]},"34":{"line":868,"type":"if","locations":[{"start":{"line":868,"column":12},"end":{"line":868,"column":12}},{"start":{"line":868,"column":12},"end":{"line":868,"column":12}}]},"35":{"line":873,"type":"if","locations":[{"start":{"line":873,"column":19},"end":{"line":873,"column":19}},{"start":{"line":873,"column":19},"end":{"line":873,"column":19}}]},"36":{"line":905,"type":"if","locations":[{"start":{"line":905,"column":8},"end":{"line":905,"column":8}},{"start":{"line":905,"column":8},"end":{"line":905,"column":8}}]},"37":{"line":906,"type":"if","locations":[{"start":{"line":906,"column":8},"end":{"line":906,"column":8}},{"start":{"line":906,"column":8},"end":{"line":906,"column":8}}]},"38":{"line":956,"type":"if","locations":[{"start":{"line":956,"column":8},"end":{"line":956,"column":8}},{"start":{"line":956,"column":8},"end":{"line":956,"column":8}}]},"39":{"line":961,"type":"if","locations":[{"start":{"line":961,"column":8},"end":{"line":961,"column":8}},{"start":{"line":961,"column":8},"end":{"line":961,"column":8}}]},"40":{"line":966,"type":"if","locations":[{"start":{"line":966,"column":8},"end":{"line":966,"column":8}},{"start":{"line":966,"column":8},"end":{"line":966,"column":8}}]},"41":{"line":971,"type":"if","locations":[{"start":{"line":971,"column":8},"end":{"line":971,"column":8}},{"start":{"line":971,"column":8},"end":{"line":971,"column":8}}]},"42":{"line":976,"type":"if","locations":[{"start":{"line":976,"column":8},"end":{"line":976,"column":8}},{"start":{"line":976,"column":8},"end":{"line":976,"column":8}}]},"43":{"line":981,"type":"if","locations":[{"start":{"line":981,"column":8},"end":{"line":981,"column":8}},{"start":{"line":981,"column":8},"end":{"line":981,"column":8}}]},"44":{"line":986,"type":"if","locations":[{"start":{"line":986,"column":8},"end":{"line":986,"column":8}},{"start":{"line":986,"column":8},"end":{"line":986,"column":8}}]},"45":{"line":991,"type":"if","locations":[{"start":{"line":991,"column":8},"end":{"line":991,"column":8}},{"start":{"line":991,"column":8},"end":{"line":991,"column":8}}]},"46":{"line":996,"type":"if","locations":[{"start":{"line":996,"column":8},"end":{"line":996,"column":8}},{"start":{"line":996,"column":8},"end":{"line":996,"column":8}}]},"47":{"line":1001,"type":"if","locations":[{"start":{"line":1001,"column":8},"end":{"line":1001,"column":8}},{"start":{"line":1001,"column":8},"end":{"line":1001,"column":8}}]}}},"contracts/RicoToken.sol":{"l":{"23":2,"24":2,"25":2,"35":2,"36":2,"37":2,"41":2,"45":12,"49":1,"53":18,"67":2,"68":1,"86":18,"88":3,"91":15,"94":15,"98":20,"99":16,"103":19,"104":18,"107":4,"108":2,"112":24,"113":21},"path":"/Volumes/Dev/RICO/poc/contracts/RicoToken.sol","s":{"1":2,"2":2,"3":2,"4":2,"5":2,"6":2,"7":2,"8":12,"9":1,"10":18,"11":2,"12":1,"13":18,"14":3,"15":15,"16":15,"17":20,"18":19,"19":4,"20":24},"b":{"1":[1,1],"2":[3,15],"3":[2,1],"4":[13,2],"5":[16,4],"6":[18,1],"7":[2,2],"8":[21,3]},"f":{"1":2,"2":2,"3":2,"4":12,"5":1,"6":18,"7":2,"8":18,"9":20,"10":19,"11":4,"12":24},"fnMap":{"1":{"name":"constructor","line":16,"loc":{"start":{"line":16,"column":4},"end":{"line":22,"column":5}}},"2":{"name":"setup","line":30,"loc":{"start":{"line":30,"column":4},"end":{"line":34,"column":5}}},"3":{"name":"changeManager","line":40,"loc":{"start":{"line":40,"column":4},"end":{"line":40,"column":64}}},"4":{"name":"setFrozen","line":44,"loc":{"start":{"line":44,"column":4},"end":{"line":44,"column":53}}},"5":{"name":"getLockedBalance","line":48,"loc":{"start":{"line":48,"column":4},"end":{"line":48,"column":63}}},"6":{"name":"getUnlockedBalance","line":52,"loc":{"start":{"line":52,"column":4},"end":{"line":52,"column":65}}},"7":{"name":"_burn","line":57,"loc":{"start":{"line":57,"column":4},"end":{"line":66,"column":5}}},"8":{"name":"_move","line":73,"loc":{"start":{"line":73,"column":4},"end":{"line":84,"column":5}}},"9":{"name":"onlyManager","line":97,"loc":{"start":{"line":97,"column":4},"end":{"line":97,"column":24}}},"10":{"name":"requireInitialized","line":102,"loc":{"start":{"line":102,"column":4},"end":{"line":102,"column":31}}},"11":{"name":"requireNotInitialized","line":106,"loc":{"start":{"line":106,"column":4},"end":{"line":106,"column":34}}},"12":{"name":"requireNotFrozen","line":111,"loc":{"start":{"line":111,"column":4},"end":{"line":111,"column":29}}}},"statementMap":{"1":{"start":{"line":23,"column":8},"end":{"line":23,"column":59}},"2":{"start":{"line":24,"column":8},"end":{"line":24,"column":27}},"3":{"start":{"line":25,"column":8},"end":{"line":25,"column":20}},"4":{"start":{"line":35,"column":8},"end":{"line":35,"column":34}},"5":{"start":{"line":36,"column":8},"end":{"line":36,"column":21}},"6":{"start":{"line":37,"column":8},"end":{"line":37,"column":25}},"7":{"start":{"line":41,"column":8},"end":{"line":41,"column":28}},"8":{"start":{"line":45,"column":8},"end":{"line":45,"column":23}},"9":{"start":{"line":49,"column":8},"end":{"line":49,"column":47}},"10":{"start":{"line":53,"column":8},"end":{"line":53,"column":69}},"11":{"start":{"line":67,"column":8},"end":{"line":67,"column":92}},"12":{"start":{"line":68,"column":8},"end":{"line":68,"column":63}},"13":{"start":{"line":86,"column":8},"end":{"line":86,"column":2315}},"14":{"start":{"line":88,"column":12},"end":{"line":88,"column":87}},"15":{"start":{"line":91,"column":12},"end":{"line":91,"column":96}},"16":{"start":{"line":94,"column":8},"end":{"line":94,"column":71}},"17":{"start":{"line":98,"column":8},"end":{"line":98,"column":87}},"18":{"start":{"line":103,"column":8},"end":{"line":103,"column":87}},"19":{"start":{"line":107,"column":8},"end":{"line":107,"column":95}},"20":{"start":{"line":112,"column":8},"end":{"line":112,"column":80}}},"branchMap":{"1":{"line":67,"type":"if","locations":[{"start":{"line":67,"column":8},"end":{"line":67,"column":8}},{"start":{"line":67,"column":8},"end":{"line":67,"column":8}}]},"2":{"line":86,"type":"if","locations":[{"start":{"line":86,"column":8},"end":{"line":86,"column":8}},{"start":{"line":86,"column":8},"end":{"line":86,"column":8}}]},"3":{"line":88,"type":"if","locations":[{"start":{"line":88,"column":12},"end":{"line":88,"column":12}},{"start":{"line":88,"column":12},"end":{"line":88,"column":12}}]},"4":{"line":91,"type":"if","locations":[{"start":{"line":91,"column":12},"end":{"line":91,"column":12}},{"start":{"line":91,"column":12},"end":{"line":91,"column":12}}]},"5":{"line":98,"type":"if","locations":[{"start":{"line":98,"column":8},"end":{"line":98,"column":8}},{"start":{"line":98,"column":8},"end":{"line":98,"column":8}}]},"6":{"line":103,"type":"if","locations":[{"start":{"line":103,"column":8},"end":{"line":103,"column":8}},{"start":{"line":103,"column":8},"end":{"line":103,"column":8}}]},"7":{"line":107,"type":"if","locations":[{"start":{"line":107,"column":8},"end":{"line":107,"column":8}},{"start":{"line":107,"column":8},"end":{"line":107,"column":8}}]},"8":{"line":112,"type":"if","locations":[{"start":{"line":112,"column":8},"end":{"line":112,"column":8}},{"start":{"line":112,"column":8},"end":{"line":112,"column":8}}]}}}}