{"contracts/Gnosis/CreateCall.sol":{"l":{"11":0,"14":0,"15":0,"20":0,"23":0,"24":0},"path":"/Volumes/Dev/RICO/poc/contracts/Gnosis/CreateCall.sol","s":{"1":0,"2":0,"3":0,"4":0},"b":{"1":[0,0],"2":[0,0]},"f":{"1":0,"2":0},"fnMap":{"1":{"name":"performCreate2","line":9,"loc":{"start":{"line":9,"column":4},"end":{"line":9,"column":119}}},"2":{"name":"performCreate","line":18,"loc":{"start":{"line":18,"column":4},"end":{"line":18,"column":104}}}},"statementMap":{"1":{"start":{"line":14,"column":8},"end":{"line":14,"column":70}},"2":{"start":{"line":15,"column":8},"end":{"line":15,"column":42}},"3":{"start":{"line":23,"column":9},"end":{"line":23,"column":71}},"4":{"start":{"line":24,"column":8},"end":{"line":24,"column":42}}},"branchMap":{"1":{"line":14,"type":"if","locations":[{"start":{"line":14,"column":8},"end":{"line":14,"column":8}},{"start":{"line":14,"column":8},"end":{"line":14,"column":8}}]},"2":{"line":23,"type":"if","locations":[{"start":{"line":23,"column":9},"end":{"line":23,"column":9}},{"start":{"line":23,"column":9},"end":{"line":23,"column":9}}]}}},"contracts/Gnosis/GnosisSafe.sol":{"l":{"11":0,"12":0,"14":0,"16":0,"24":0,"34":0,"61":0,"63":0,"77":0,"78":0,"88":0,"90":0,"103":0,"111":0,"112":0,"113":0,"115":0,"119":0,"121":0,"144":0,"145":0,"146":0,"148":0,"159":0,"161":0,"162":0,"163":0,"164":0,"176":0,"177":0,"178":0,"179":0,"180":0,"193":0,"195":0,"206":0,"207":0,"208":0,"209":0,"210":0,"212":0,"215":0,"216":0,"217":0,"218":0,"219":0,"220":0,"222":0,"246":0,"248":0,"250":0,"252":0,"253":0,"255":0,"256":0,"258":0,"259":0,"260":0,"262":0,"263":0,"264":0,"276":0,"278":0,"279":0,"280":0,"281":0,"282":0,"284":0,"285":0,"298":0,"300":0,"301":0,"302":0,"303":0,"304":0,"305":0,"307":0,"308":0,"321":0,"323":0,"325":0,"326":0,"327":0,"328":0,"329":0,"330":0,"331":0,"342":0,"344":0,"345":0,"346":0,"354":0,"362":0,"372":0,"375":0,"376":0,"377":0,"378":0,"379":0,"380":0,"382":0,"401":0,"402":0,"403":0,"412":0,"413":0,"421":0,"422":0,"441":0,"442":0,"443":0,"444":0,"445":0,"461":0,"484":0,"485":0,"488":0,"489":0,"491":0,"498":0,"499":0,"502":0,"509":0,"510":0,"512":0,"519":0,"520":0,"522":0,"530":0,"531":0,"593":0,"594":0,"595":0,"597":0,"598":0,"600":0,"603":0,"634":0,"640":0,"641":0,"642":0,"643":0,"645":0,"646":0,"647":0,"648":0,"652":0,"653":0,"667":0,"668":0,"671":0,"673":0,"687":0,"689":0,"690":0,"691":0,"692":0,"693":0,"694":0,"695":0,"696":0,"698":0,"700":0,"704":0,"707":0,"710":0,"712":0,"715":0,"718":0,"720":0,"724":0,"728":0,"731":0,"733":0,"734":0,"738":0,"743":0,"745":0,"749":0,"769":0,"772":0,"773":0,"775":0,"785":0,"786":0,"797":0,"813":0,"814":0,"815":0,"818":0,"820":0,"833":0,"836":0,"869":0,"872":0,"903":0},"path":"/Volumes/Dev/RICO/poc/contracts/Gnosis/GnosisSafe.sol","s":{"1":0,"2":0,"3":0,"4":0,"5":0,"6":0,"7":0,"8":0,"9":0,"10":0,"11":0,"12":0,"13":0,"14":0,"15":0,"16":0,"17":0,"18":0,"19":0,"20":0,"21":0,"22":0,"23":0,"24":0,"25":0,"26":0,"27":0,"28":0,"29":0,"30":0,"31":0,"32":0,"33":0,"34":0,"35":0,"36":0,"37":0,"38":0,"39":0,"40":0,"41":0,"42":0,"43":0,"44":0,"45":0,"46":0,"47":0,"48":0,"49":0,"50":0,"51":0,"52":0,"53":0,"54":0,"55":0,"56":0,"57":0,"58":0,"59":0,"60":0,"61":0,"62":0,"63":0,"64":0,"65":0,"66":0,"67":0,"68":0,"69":0,"70":0,"71":0,"72":0,"73":0,"74":0,"75":0,"76":0,"77":0,"78":0,"79":0,"80":0,"81":0,"82":0,"83":0,"84":0,"85":0,"86":0,"87":0,"88":0,"89":0,"90":0,"91":0,"92":0,"93":0,"94":0,"95":0,"96":0,"97":0,"98":0,"99":0,"100":0,"101":0,"102":0,"103":0,"104":0,"105":0,"106":0,"107":0,"108":0,"109":0,"110":0,"111":0,"112":0,"113":0,"114":0,"115":0,"116":0,"117":0,"118":0,"119":0,"120":0,"121":0,"122":0,"123":0,"124":0,"125":0,"126":0,"127":0,"128":0,"129":0,"130":0,"131":0,"132":0,"133":0,"134":0,"135":0,"136":0,"137":0,"138":0,"139":0,"140":0,"141":0,"142":0,"143":0,"144":0,"145":0,"146":0,"147":0,"148":0,"149":0,"150":0,"151":0,"152":0,"153":0,"154":0,"155":0,"156":0,"157":0,"158":0,"159":0,"160":0,"161":0,"162":0,"163":0,"164":0,"165":0,"166":0,"167":0,"168":0,"169":0,"170":0,"171":0,"172":0,"173":0,"174":0,"175":0,"176":0,"177":0,"178":0,"179":0,"180":0,"181":0,"182":0,"183":0,"184":0},"b":{"1":[0,0],"2":[0,0],"3":[0,0],"4":[0,0],"5":[0,0],"6":[0,0],"7":[0,0],"8":[0,0],"9":[0,0],"10":[0,0],"11":[0,0],"12":[0,0],"13":[0,0],"14":[0,0],"15":[0,0],"16":[0,0],"17":[0,0],"18":[0,0],"19":[0,0],"20":[0,0],"21":[0,0],"22":[0,0],"23":[0,0],"24":[0,0],"25":[0,0],"26":[0,0],"27":[0,0],"28":[0,0],"29":[0,0],"30":[0,0],"31":[0,0],"32":[0,0],"33":[0,0],"34":[0,0],"35":[0,0],"36":[0,0],"37":[0,0],"38":[0,0],"39":[0,0],"40":[0,0],"41":[0,0],"42":[0,0],"43":[0,0],"44":[0,0],"45":[0,0],"46":[0,0],"47":[0,0],"48":[0,0],"49":[0,0],"50":[0,0],"51":[0,0],"52":[0,0],"53":[0,0],"54":[0,0],"55":[0,0],"56":[0,0],"57":[0,0],"58":[0,0],"59":[0,0],"60":[0,0],"61":[0,0],"62":[0,0],"63":[0,0],"64":[0,0]},"f":{"1":0,"2":0,"3":0,"4":0,"5":0,"6":0,"7":0,"8":0,"9":0,"10":0,"11":0,"12":0,"13":0,"14":0,"15":0,"16":0,"17":0,"18":0,"19":0,"20":0,"21":0,"22":0,"23":0,"24":0,"25":0,"26":0,"27":0,"28":0,"29":0,"30":0,"31":0,"32":0,"33":0,"34":0,"35":0,"36":0,"37":0,"38":0,"39":0,"40":0,"41":0,"42":0},"fnMap":{"1":{"name":"execute","line":7,"loc":{"start":{"line":7,"column":4},"end":{"line":10,"column":5}}},"2":{"name":"executeCall","line":19,"loc":{"start":{"line":19,"column":4},"end":{"line":22,"column":5}}},"3":{"name":"executeDelegateCall","line":29,"loc":{"start":{"line":29,"column":4},"end":{"line":32,"column":5}}},"4":{"name":"transferToken","line":53,"loc":{"start":{"line":53,"column":4},"end":{"line":60,"column":5}}},"5":{"name":"authorized","line":76,"loc":{"start":{"line":76,"column":4},"end":{"line":76,"column":23}}},"6":{"name":"internalSetFallbackHandler","line":87,"loc":{"start":{"line":87,"column":4},"end":{"line":87,"column":63}}},"7":{"name":"setFallbackHandler","line":99,"loc":{"start":{"line":99,"column":4},"end":{"line":102,"column":5}}},"8":{"name":"","line":106,"loc":{"start":{"line":106,"column":4},"end":{"line":109,"column":5}}},"9":{"name":"setupModules","line":141,"loc":{"start":{"line":141,"column":4},"end":{"line":143,"column":5}}},"10":{"name":"enableModule","line":154,"loc":{"start":{"line":154,"column":4},"end":{"line":157,"column":5}}},"11":{"name":"disableModule","line":171,"loc":{"start":{"line":171,"column":4},"end":{"line":174,"column":5}}},"12":{"name":"execTransactionFromModule","line":188,"loc":{"start":{"line":188,"column":4},"end":{"line":191,"column":5}}},"13":{"name":"getModules","line":200,"loc":{"start":{"line":200,"column":4},"end":{"line":204,"column":5}}},"14":{"name":"setupOwners","line":241,"loc":{"start":{"line":241,"column":4},"end":{"line":243,"column":5}}},"15":{"name":"addOwnerWithThreshold","line":271,"loc":{"start":{"line":271,"column":4},"end":{"line":274,"column":5}}},"16":{"name":"removeOwner","line":293,"loc":{"start":{"line":293,"column":4},"end":{"line":296,"column":5}}},"17":{"name":"swapOwner","line":316,"loc":{"start":{"line":316,"column":4},"end":{"line":319,"column":5}}},"18":{"name":"changeThreshold","line":337,"loc":{"start":{"line":337,"column":4},"end":{"line":340,"column":5}}},"19":{"name":"getThreshold","line":349,"loc":{"start":{"line":349,"column":4},"end":{"line":353,"column":5}}},"20":{"name":"isOwner","line":357,"loc":{"start":{"line":357,"column":4},"end":{"line":361,"column":5}}},"21":{"name":"getOwners","line":367,"loc":{"start":{"line":367,"column":4},"end":{"line":371,"column":5}}},"22":{"name":"changeMasterCopy","line":396,"loc":{"start":{"line":396,"column":4},"end":{"line":399,"column":5}}},"23":{"name":"authorized","line":411,"loc":{"start":{"line":411,"column":4},"end":{"line":411,"column":23}}},"24":{"name":"setManager","line":416,"loc":{"start":{"line":416,"column":4},"end":{"line":418,"column":5}}},"25":{"name":"recoverKey","line":432,"loc":{"start":{"line":432,"column":4},"end":{"line":440,"column":5}}},"26":{"name":"signatureSplit","line":452,"loc":{"start":{"line":452,"column":4},"end":{"line":456,"column":5}}},"27":{"name":"mul","line":480,"loc":{"start":{"line":480,"column":2},"end":{"line":480,"column":68}}},"28":{"name":"div","line":497,"loc":{"start":{"line":497,"column":2},"end":{"line":497,"column":68}}},"29":{"name":"sub","line":508,"loc":{"start":{"line":508,"column":2},"end":{"line":508,"column":68}}},"30":{"name":"add","line":518,"loc":{"start":{"line":518,"column":2},"end":{"line":518,"column":68}}},"31":{"name":"mod","line":529,"loc":{"start":{"line":529,"column":2},"end":{"line":529,"column":68}}},"32":{"name":"setup","line":581,"loc":{"start":{"line":581,"column":4},"end":{"line":592,"column":5}}},"33":{"name":"execTransaction","line":619,"loc":{"start":{"line":619,"column":4},"end":{"line":633,"column":5}}},"34":{"name":"handlePayment","line":657,"loc":{"start":{"line":657,"column":4},"end":{"line":665,"column":5}}},"35":{"name":"checkSignatures","line":683,"loc":{"start":{"line":683,"column":4},"end":{"line":685,"column":5}}},"36":{"name":"requiredTxGas","line":764,"loc":{"start":{"line":764,"column":4},"end":{"line":768,"column":5}}},"37":{"name":"approveHash","line":782,"loc":{"start":{"line":782,"column":4},"end":{"line":784,"column":5}}},"38":{"name":"signMessage","line":793,"loc":{"start":{"line":793,"column":4},"end":{"line":796,"column":5}}},"39":{"name":"isValidSignature","line":809,"loc":{"start":{"line":809,"column":4},"end":{"line":812,"column":5}}},"40":{"name":"getMessageHash","line":826,"loc":{"start":{"line":826,"column":4},"end":{"line":832,"column":5}}},"41":{"name":"encodeTransactionData","line":853,"loc":{"start":{"line":853,"column":4},"end":{"line":868,"column":5}}},"42":{"name":"getTransactionHash","line":887,"loc":{"start":{"line":887,"column":4},"end":{"line":902,"column":5}}}},"statementMap":{"1":{"start":{"line":11,"column":8},"end":{"line":11,"column":295}},"2":{"start":{"line":12,"column":12},"end":{"line":12,"column":56}},"3":{"start":{"line":13,"column":13},"end":{"line":13,"column":405}},"4":{"start":{"line":14,"column":12},"end":{"line":14,"column":57}},"5":{"start":{"line":16,"column":12},"end":{"line":16,"column":26}},"6":{"start":{"line":61,"column":8},"end":{"line":61,"column":98}},"7":{"start":{"line":77,"column":8},"end":{"line":77,"column":91}},"8":{"start":{"line":88,"column":8},"end":{"line":88,"column":52}},"9":{"start":{"line":103,"column":8},"end":{"line":103,"column":42}},"10":{"start":{"line":111,"column":8},"end":{"line":111,"column":57}},"11":{"start":{"line":111,"column":51},"end":{"line":111,"column":57}},"12":{"start":{"line":112,"column":8},"end":{"line":112,"column":52}},"13":{"start":{"line":113,"column":8},"end":{"line":113,"column":23}},"14":{"start":{"line":119,"column":8},"end":{"line":119,"column":3768}},"15":{"start":{"line":144,"column":8},"end":{"line":144,"column":96}},"16":{"start":{"line":145,"column":8},"end":{"line":145,"column":51}},"17":{"start":{"line":146,"column":8},"end":{"line":146,"column":4794}},"18":{"start":{"line":148,"column":12},"end":{"line":148,"column":95}},"19":{"start":{"line":159,"column":8},"end":{"line":159,"column":119}},"20":{"start":{"line":161,"column":8},"end":{"line":161,"column":87}},"21":{"start":{"line":162,"column":8},"end":{"line":162,"column":59}},"22":{"start":{"line":163,"column":8},"end":{"line":163,"column":50}},"23":{"start":{"line":164,"column":8},"end":{"line":164,"column":34}},"24":{"start":{"line":176,"column":8},"end":{"line":176,"column":119}},"25":{"start":{"line":177,"column":8},"end":{"line":177,"column":107}},"26":{"start":{"line":178,"column":8},"end":{"line":178,"column":62}},"27":{"start":{"line":179,"column":8},"end":{"line":179,"column":44}},"28":{"start":{"line":180,"column":8},"end":{"line":180,"column":35}},"29":{"start":{"line":193,"column":8},"end":{"line":193,"column":135}},"30":{"start":{"line":195,"column":8},"end":{"line":195,"column":63}},"31":{"start":{"line":206,"column":8},"end":{"line":206,"column":31}},"32":{"start":{"line":207,"column":8},"end":{"line":207,"column":57}},"33":{"start":{"line":208,"column":8},"end":{"line":208,"column":7555}},"34":{"start":{"line":209,"column":12},"end":{"line":209,"column":49}},"35":{"start":{"line":212,"column":8},"end":{"line":212,"column":59}},"36":{"start":{"line":215,"column":8},"end":{"line":215,"column":22}},"37":{"start":{"line":216,"column":8},"end":{"line":216,"column":48}},"38":{"start":{"line":217,"column":8},"end":{"line":217,"column":7867}},"39":{"start":{"line":218,"column":12},"end":{"line":218,"column":45}},"40":{"start":{"line":219,"column":12},"end":{"line":219,"column":49}},"41":{"start":{"line":222,"column":8},"end":{"line":222,"column":20}},"42":{"start":{"line":246,"column":8},"end":{"line":246,"column":64}},"43":{"start":{"line":248,"column":8},"end":{"line":248,"column":83}},"44":{"start":{"line":250,"column":8},"end":{"line":250,"column":71}},"45":{"start":{"line":252,"column":8},"end":{"line":252,"column":46}},"46":{"start":{"line":253,"column":8},"end":{"line":253,"column":9267}},"47":{"start":{"line":255,"column":12},"end":{"line":255,"column":38}},"48":{"start":{"line":256,"column":12},"end":{"line":256,"column":101}},"49":{"start":{"line":258,"column":12},"end":{"line":258,"column":83}},"50":{"start":{"line":259,"column":12},"end":{"line":259,"column":39}},"51":{"start":{"line":260,"column":12},"end":{"line":260,"column":31}},"52":{"start":{"line":262,"column":8},"end":{"line":262,"column":45}},"53":{"start":{"line":263,"column":8},"end":{"line":263,"column":34}},"54":{"start":{"line":264,"column":8},"end":{"line":264,"column":29}},"55":{"start":{"line":276,"column":8},"end":{"line":276,"column":97}},"56":{"start":{"line":278,"column":8},"end":{"line":278,"column":74}},"57":{"start":{"line":279,"column":8},"end":{"line":279,"column":46}},"58":{"start":{"line":280,"column":8},"end":{"line":280,"column":38}},"59":{"start":{"line":282,"column":8},"end":{"line":282,"column":30}},"60":{"start":{"line":284,"column":8},"end":{"line":284,"column":10682}},"61":{"start":{"line":285,"column":12},"end":{"line":285,"column":38}},"62":{"start":{"line":298,"column":8},"end":{"line":298,"column":101}},"63":{"start":{"line":300,"column":8},"end":{"line":300,"column":97}},"64":{"start":{"line":301,"column":8},"end":{"line":301,"column":84}},"65":{"start":{"line":302,"column":8},"end":{"line":302,"column":40}},"66":{"start":{"line":303,"column":8},"end":{"line":303,"column":33}},"67":{"start":{"line":305,"column":8},"end":{"line":305,"column":32}},"68":{"start":{"line":307,"column":8},"end":{"line":307,"column":11859}},"69":{"start":{"line":308,"column":12},"end":{"line":308,"column":38}},"70":{"start":{"line":321,"column":8},"end":{"line":321,"column":103}},"71":{"start":{"line":323,"column":8},"end":{"line":323,"column":77}},"72":{"start":{"line":325,"column":8},"end":{"line":325,"column":103}},"73":{"start":{"line":326,"column":8},"end":{"line":326,"column":87}},"74":{"start":{"line":327,"column":8},"end":{"line":327,"column":42}},"75":{"start":{"line":328,"column":8},"end":{"line":328,"column":35}},"76":{"start":{"line":329,"column":8},"end":{"line":329,"column":36}},"77":{"start":{"line":330,"column":8},"end":{"line":330,"column":35}},"78":{"start":{"line":331,"column":8},"end":{"line":331,"column":33}},"79":{"start":{"line":342,"column":8},"end":{"line":342,"column":79}},"80":{"start":{"line":344,"column":8},"end":{"line":344,"column":71}},"81":{"start":{"line":345,"column":8},"end":{"line":345,"column":29}},"82":{"start":{"line":346,"column":8},"end":{"line":346,"column":40}},"83":{"start":{"line":354,"column":8},"end":{"line":354,"column":24}},"84":{"start":{"line":362,"column":8},"end":{"line":362,"column":70}},"85":{"start":{"line":372,"column":8},"end":{"line":372,"column":58}},"86":{"start":{"line":375,"column":8},"end":{"line":375,"column":25}},"87":{"start":{"line":376,"column":8},"end":{"line":376,"column":54}},"88":{"start":{"line":377,"column":8},"end":{"line":377,"column":14376}},"89":{"start":{"line":378,"column":12},"end":{"line":378,"column":38}},"90":{"start":{"line":379,"column":12},"end":{"line":379,"column":46}},"91":{"start":{"line":382,"column":8},"end":{"line":382,"column":20}},"92":{"start":{"line":401,"column":8},"end":{"line":401,"column":81}},"93":{"start":{"line":402,"column":8},"end":{"line":402,"column":31}},"94":{"start":{"line":403,"column":8},"end":{"line":403,"column":43}},"95":{"start":{"line":412,"column":8},"end":{"line":412,"column":88}},"96":{"start":{"line":421,"column":8},"end":{"line":421,"column":78}},"97":{"start":{"line":422,"column":8},"end":{"line":422,"column":42}},"98":{"start":{"line":441,"column":8},"end":{"line":441,"column":15}},"99":{"start":{"line":442,"column":8},"end":{"line":442,"column":17}},"100":{"start":{"line":443,"column":8},"end":{"line":443,"column":17}},"101":{"start":{"line":444,"column":8},"end":{"line":444,"column":56}},"102":{"start":{"line":445,"column":8},"end":{"line":445,"column":46}},"103":{"start":{"line":484,"column":4},"end":{"line":484,"column":18148}},"104":{"start":{"line":485,"column":6},"end":{"line":485,"column":14}},"105":{"start":{"line":488,"column":4},"end":{"line":488,"column":21}},"106":{"start":{"line":489,"column":4},"end":{"line":489,"column":22}},"107":{"start":{"line":491,"column":4},"end":{"line":491,"column":12}},"108":{"start":{"line":498,"column":4},"end":{"line":498,"column":17}},"109":{"start":{"line":499,"column":4},"end":{"line":499,"column":21}},"110":{"start":{"line":502,"column":4},"end":{"line":502,"column":12}},"111":{"start":{"line":509,"column":4},"end":{"line":509,"column":18}},"112":{"start":{"line":510,"column":4},"end":{"line":510,"column":21}},"113":{"start":{"line":512,"column":4},"end":{"line":512,"column":12}},"114":{"start":{"line":519,"column":4},"end":{"line":519,"column":21}},"115":{"start":{"line":520,"column":4},"end":{"line":520,"column":18}},"116":{"start":{"line":522,"column":4},"end":{"line":522,"column":12}},"117":{"start":{"line":530,"column":4},"end":{"line":530,"column":18}},"118":{"start":{"line":531,"column":4},"end":{"line":531,"column":16}},"119":{"start":{"line":593,"column":8},"end":{"line":593,"column":69}},"120":{"start":{"line":594,"column":8},"end":{"line":594,"column":79}},"121":{"start":{"line":595,"column":8},"end":{"line":595,"column":39}},"122":{"start":{"line":597,"column":8},"end":{"line":597,"column":29}},"123":{"start":{"line":598,"column":8},"end":{"line":598,"column":86}},"124":{"start":{"line":598,"column":43},"end":{"line":598,"column":85}},"125":{"start":{"line":600,"column":8},"end":{"line":600,"column":22262}},"126":{"start":{"line":603,"column":12},"end":{"line":603,"column":70}},"127":{"start":{"line":634,"column":8},"end":{"line":634,"column":24057}},"128":{"start":{"line":641,"column":8},"end":{"line":641,"column":75}},"129":{"start":{"line":642,"column":8},"end":{"line":642,"column":84}},"130":{"start":{"line":643,"column":8},"end":{"line":643,"column":35}},"131":{"start":{"line":645,"column":8},"end":{"line":645,"column":109}},"132":{"start":{"line":646,"column":8},"end":{"line":646,"column":39}},"133":{"start":{"line":647,"column":8},"end":{"line":647,"column":24817}},"134":{"start":{"line":648,"column":12},"end":{"line":648,"column":55}},"135":{"start":{"line":652,"column":8},"end":{"line":652,"column":25040}},"136":{"start":{"line":653,"column":12},"end":{"line":653,"column":78}},"137":{"start":{"line":667,"column":8},"end":{"line":667,"column":92}},"138":{"start":{"line":668,"column":8},"end":{"line":668,"column":25515}},"139":{"start":{"line":671,"column":12},"end":{"line":671,"column":146}},"140":{"start":{"line":673,"column":12},"end":{"line":673,"column":127}},"141":{"start":{"line":687,"column":8},"end":{"line":687,"column":83}},"142":{"start":{"line":689,"column":8},"end":{"line":689,"column":38}},"143":{"start":{"line":690,"column":8},"end":{"line":690,"column":28}},"144":{"start":{"line":691,"column":8},"end":{"line":691,"column":15}},"145":{"start":{"line":692,"column":8},"end":{"line":692,"column":17}},"146":{"start":{"line":693,"column":8},"end":{"line":693,"column":17}},"147":{"start":{"line":694,"column":8},"end":{"line":694,"column":17}},"148":{"start":{"line":695,"column":8},"end":{"line":695,"column":27057}},"149":{"start":{"line":696,"column":12},"end":{"line":696,"column":52}},"150":{"start":{"line":698,"column":12},"end":{"line":698,"column":27219}},"151":{"start":{"line":700,"column":16},"end":{"line":700,"column":49}},"152":{"start":{"line":704,"column":16},"end":{"line":704,"column":114}},"153":{"start":{"line":707,"column":16},"end":{"line":707,"column":122}},"154":{"start":{"line":710,"column":16},"end":{"line":710,"column":44}},"155":{"start":{"line":715,"column":16},"end":{"line":715,"column":147}},"156":{"start":{"line":718,"column":16},"end":{"line":718,"column":46}},"157":{"start":{"line":724,"column":16},"end":{"line":724,"column":161}},"158":{"start":{"line":726,"column":19},"end":{"line":726,"column":29267}},"159":{"start":{"line":728,"column":16},"end":{"line":728,"column":49}},"160":{"start":{"line":731,"column":16},"end":{"line":731,"column":127}},"161":{"start":{"line":733,"column":16},"end":{"line":733,"column":29824}},"162":{"start":{"line":734,"column":20},"end":{"line":734,"column":61}},"163":{"start":{"line":736,"column":19},"end":{"line":736,"column":29970}},"164":{"start":{"line":738,"column":16},"end":{"line":738,"column":127}},"165":{"start":{"line":743,"column":16},"end":{"line":743,"column":58}},"166":{"start":{"line":745,"column":12},"end":{"line":745,"column":30445}},"167":{"start":{"line":749,"column":12},"end":{"line":749,"column":35}},"168":{"start":{"line":769,"column":8},"end":{"line":769,"column":36}},"169":{"start":{"line":772,"column":8},"end":{"line":772,"column":62}},"170":{"start":{"line":773,"column":8},"end":{"line":773,"column":50}},"171":{"start":{"line":775,"column":8},"end":{"line":775,"column":52}},"172":{"start":{"line":785,"column":8},"end":{"line":785,"column":82}},"173":{"start":{"line":786,"column":8},"end":{"line":786,"column":52}},"174":{"start":{"line":797,"column":8},"end":{"line":797,"column":48}},"175":{"start":{"line":813,"column":8},"end":{"line":813,"column":51}},"176":{"start":{"line":814,"column":8},"end":{"line":814,"column":33729}},"177":{"start":{"line":815,"column":12},"end":{"line":815,"column":73}},"178":{"start":{"line":818,"column":12},"end":{"line":818,"column":65}},"179":{"start":{"line":820,"column":8},"end":{"line":820,"column":34}},"180":{"start":{"line":833,"column":8},"end":{"line":833,"column":34339}},"181":{"start":{"line":836,"column":8},"end":{"line":836,"column":34457}},"182":{"start":{"line":869,"column":8},"end":{"line":869,"column":35665}},"183":{"start":{"line":872,"column":8},"end":{"line":872,"column":84}},"184":{"start":{"line":903,"column":8},"end":{"line":903,"column":139}}},"branchMap":{"1":{"line":11,"type":"if","locations":[{"start":{"line":11,"column":8},"end":{"line":11,"column":8}},{"start":{"line":11,"column":8},"end":{"line":11,"column":8}}]},"2":{"line":13,"type":"if","locations":[{"start":{"line":13,"column":13},"end":{"line":13,"column":13}},{"start":{"line":13,"column":13},"end":{"line":13,"column":13}}]},"3":{"line":77,"type":"if","locations":[{"start":{"line":77,"column":8},"end":{"line":77,"column":8}},{"start":{"line":77,"column":8},"end":{"line":77,"column":8}}]},"4":{"line":111,"type":"if","locations":[{"start":{"line":111,"column":8},"end":{"line":111,"column":8}},{"start":{"line":111,"column":8},"end":{"line":111,"column":8}}]},"5":{"line":119,"type":"if","locations":[{"start":{"line":119,"column":8},"end":{"line":119,"column":8}},{"start":{"line":119,"column":8},"end":{"line":119,"column":8}}]},"6":{"line":144,"type":"if","locations":[{"start":{"line":144,"column":8},"end":{"line":144,"column":8}},{"start":{"line":144,"column":8},"end":{"line":144,"column":8}}]},"7":{"line":146,"type":"if","locations":[{"start":{"line":146,"column":8},"end":{"line":146,"column":8}},{"start":{"line":146,"column":8},"end":{"line":146,"column":8}}]},"8":{"line":148,"type":"if","locations":[{"start":{"line":148,"column":12},"end":{"line":148,"column":12}},{"start":{"line":148,"column":12},"end":{"line":148,"column":12}}]},"9":{"line":159,"type":"if","locations":[{"start":{"line":159,"column":8},"end":{"line":159,"column":8}},{"start":{"line":159,"column":8},"end":{"line":159,"column":8}}]},"10":{"line":161,"type":"if","locations":[{"start":{"line":161,"column":8},"end":{"line":161,"column":8}},{"start":{"line":161,"column":8},"end":{"line":161,"column":8}}]},"11":{"line":176,"type":"if","locations":[{"start":{"line":176,"column":8},"end":{"line":176,"column":8}},{"start":{"line":176,"column":8},"end":{"line":176,"column":8}}]},"12":{"line":177,"type":"if","locations":[{"start":{"line":177,"column":8},"end":{"line":177,"column":8}},{"start":{"line":177,"column":8},"end":{"line":177,"column":8}}]},"13":{"line":193,"type":"if","locations":[{"start":{"line":193,"column":8},"end":{"line":193,"column":8}},{"start":{"line":193,"column":8},"end":{"line":193,"column":8}}]},"14":{"line":246,"type":"if","locations":[{"start":{"line":246,"column":8},"end":{"line":246,"column":8}},{"start":{"line":246,"column":8},"end":{"line":246,"column":8}}]},"15":{"line":248,"type":"if","locations":[{"start":{"line":248,"column":8},"end":{"line":248,"column":8}},{"start":{"line":248,"column":8},"end":{"line":248,"column":8}}]},"16":{"line":250,"type":"if","locations":[{"start":{"line":250,"column":8},"end":{"line":250,"column":8}},{"start":{"line":250,"column":8},"end":{"line":250,"column":8}}]},"17":{"line":256,"type":"if","locations":[{"start":{"line":256,"column":12},"end":{"line":256,"column":12}},{"start":{"line":256,"column":12},"end":{"line":256,"column":12}}]},"18":{"line":258,"type":"if","locations":[{"start":{"line":258,"column":12},"end":{"line":258,"column":12}},{"start":{"line":258,"column":12},"end":{"line":258,"column":12}}]},"19":{"line":276,"type":"if","locations":[{"start":{"line":276,"column":8},"end":{"line":276,"column":8}},{"start":{"line":276,"column":8},"end":{"line":276,"column":8}}]},"20":{"line":278,"type":"if","locations":[{"start":{"line":278,"column":8},"end":{"line":278,"column":8}},{"start":{"line":278,"column":8},"end":{"line":278,"column":8}}]},"21":{"line":284,"type":"if","locations":[{"start":{"line":284,"column":8},"end":{"line":284,"column":8}},{"start":{"line":284,"column":8},"end":{"line":284,"column":8}}]},"22":{"line":298,"type":"if","locations":[{"start":{"line":298,"column":8},"end":{"line":298,"column":8}},{"start":{"line":298,"column":8},"end":{"line":298,"column":8}}]},"23":{"line":300,"type":"if","locations":[{"start":{"line":300,"column":8},"end":{"line":300,"column":8}},{"start":{"line":300,"column":8},"end":{"line":300,"column":8}}]},"24":{"line":301,"type":"if","locations":[{"start":{"line":301,"column":8},"end":{"line":301,"column":8}},{"start":{"line":301,"column":8},"end":{"line":301,"column":8}}]},"25":{"line":307,"type":"if","locations":[{"start":{"line":307,"column":8},"end":{"line":307,"column":8}},{"start":{"line":307,"column":8},"end":{"line":307,"column":8}}]},"26":{"line":321,"type":"if","locations":[{"start":{"line":321,"column":8},"end":{"line":321,"column":8}},{"start":{"line":321,"column":8},"end":{"line":321,"column":8}}]},"27":{"line":323,"type":"if","locations":[{"start":{"line":323,"column":8},"end":{"line":323,"column":8}},{"start":{"line":323,"column":8},"end":{"line":323,"column":8}}]},"28":{"line":325,"type":"if","locations":[{"start":{"line":325,"column":8},"end":{"line":325,"column":8}},{"start":{"line":325,"column":8},"end":{"line":325,"column":8}}]},"29":{"line":326,"type":"if","locations":[{"start":{"line":326,"column":8},"end":{"line":326,"column":8}},{"start":{"line":326,"column":8},"end":{"line":326,"column":8}}]},"30":{"line":342,"type":"if","locations":[{"start":{"line":342,"column":8},"end":{"line":342,"column":8}},{"start":{"line":342,"column":8},"end":{"line":342,"column":8}}]},"31":{"line":344,"type":"if","locations":[{"start":{"line":344,"column":8},"end":{"line":344,"column":8}},{"start":{"line":344,"column":8},"end":{"line":344,"column":8}}]},"32":{"line":401,"type":"if","locations":[{"start":{"line":401,"column":8},"end":{"line":401,"column":8}},{"start":{"line":401,"column":8},"end":{"line":401,"column":8}}]},"33":{"line":412,"type":"if","locations":[{"start":{"line":412,"column":8},"end":{"line":412,"column":8}},{"start":{"line":412,"column":8},"end":{"line":412,"column":8}}]},"34":{"line":421,"type":"if","locations":[{"start":{"line":421,"column":8},"end":{"line":421,"column":8}},{"start":{"line":421,"column":8},"end":{"line":421,"column":8}}]},"35":{"line":484,"type":"if","locations":[{"start":{"line":484,"column":4},"end":{"line":484,"column":4}},{"start":{"line":484,"column":4},"end":{"line":484,"column":4}}]},"36":{"line":489,"type":"if","locations":[{"start":{"line":489,"column":4},"end":{"line":489,"column":4}},{"start":{"line":489,"column":4},"end":{"line":489,"column":4}}]},"37":{"line":498,"type":"if","locations":[{"start":{"line":498,"column":4},"end":{"line":498,"column":4}},{"start":{"line":498,"column":4},"end":{"line":498,"column":4}}]},"38":{"line":509,"type":"if","locations":[{"start":{"line":509,"column":4},"end":{"line":509,"column":4}},{"start":{"line":509,"column":4},"end":{"line":509,"column":4}}]},"39":{"line":520,"type":"if","locations":[{"start":{"line":520,"column":4},"end":{"line":520,"column":4}},{"start":{"line":520,"column":4},"end":{"line":520,"column":4}}]},"40":{"line":530,"type":"if","locations":[{"start":{"line":530,"column":4},"end":{"line":530,"column":4}},{"start":{"line":530,"column":4},"end":{"line":530,"column":4}}]},"41":{"line":593,"type":"if","locations":[{"start":{"line":593,"column":8},"end":{"line":593,"column":8}},{"start":{"line":593,"column":8},"end":{"line":593,"column":8}}]},"42":{"line":598,"type":"if","locations":[{"start":{"line":598,"column":8},"end":{"line":598,"column":8}},{"start":{"line":598,"column":8},"end":{"line":598,"column":8}}]},"43":{"line":600,"type":"if","locations":[{"start":{"line":600,"column":8},"end":{"line":600,"column":8}},{"start":{"line":600,"column":8},"end":{"line":600,"column":8}}]},"44":{"line":642,"type":"if","locations":[{"start":{"line":642,"column":8},"end":{"line":642,"column":8}},{"start":{"line":642,"column":8},"end":{"line":642,"column":8}}]},"45":{"line":647,"type":"if","locations":[{"start":{"line":647,"column":8},"end":{"line":647,"column":8}},{"start":{"line":647,"column":8},"end":{"line":647,"column":8}}]},"46":{"line":652,"type":"if","locations":[{"start":{"line":652,"column":8},"end":{"line":652,"column":8}},{"start":{"line":652,"column":8},"end":{"line":652,"column":8}}]},"47":{"line":668,"type":"if","locations":[{"start":{"line":668,"column":8},"end":{"line":668,"column":8}},{"start":{"line":668,"column":8},"end":{"line":668,"column":8}}]},"48":{"line":671,"type":"if","locations":[{"start":{"line":671,"column":12},"end":{"line":671,"column":12}},{"start":{"line":671,"column":12},"end":{"line":671,"column":12}}]},"49":{"line":673,"type":"if","locations":[{"start":{"line":673,"column":12},"end":{"line":673,"column":12}},{"start":{"line":673,"column":12},"end":{"line":673,"column":12}}]},"50":{"line":687,"type":"if","locations":[{"start":{"line":687,"column":8},"end":{"line":687,"column":8}},{"start":{"line":687,"column":8},"end":{"line":687,"column":8}}]},"51":{"line":698,"type":"if","locations":[{"start":{"line":698,"column":12},"end":{"line":698,"column":12}},{"start":{"line":698,"column":12},"end":{"line":698,"column":12}}]},"52":{"line":704,"type":"if","locations":[{"start":{"line":704,"column":16},"end":{"line":704,"column":16}},{"start":{"line":704,"column":16},"end":{"line":704,"column":16}}]},"53":{"line":707,"type":"if","locations":[{"start":{"line":707,"column":16},"end":{"line":707,"column":16}},{"start":{"line":707,"column":16},"end":{"line":707,"column":16}}]},"54":{"line":715,"type":"if","locations":[{"start":{"line":715,"column":16},"end":{"line":715,"column":16}},{"start":{"line":715,"column":16},"end":{"line":715,"column":16}}]},"55":{"line":724,"type":"if","locations":[{"start":{"line":724,"column":16},"end":{"line":724,"column":16}},{"start":{"line":724,"column":16},"end":{"line":724,"column":16}}]},"56":{"line":726,"type":"if","locations":[{"start":{"line":726,"column":19},"end":{"line":726,"column":19}},{"start":{"line":726,"column":19},"end":{"line":726,"column":19}}]},"57":{"line":731,"type":"if","locations":[{"start":{"line":731,"column":16},"end":{"line":731,"column":16}},{"start":{"line":731,"column":16},"end":{"line":731,"column":16}}]},"58":{"line":733,"type":"if","locations":[{"start":{"line":733,"column":16},"end":{"line":733,"column":16}},{"start":{"line":733,"column":16},"end":{"line":733,"column":16}}]},"59":{"line":736,"type":"if","locations":[{"start":{"line":736,"column":19},"end":{"line":736,"column":19}},{"start":{"line":736,"column":19},"end":{"line":736,"column":19}}]},"60":{"line":745,"type":"if","locations":[{"start":{"line":745,"column":12},"end":{"line":745,"column":12}},{"start":{"line":745,"column":12},"end":{"line":745,"column":12}}]},"61":{"line":772,"type":"if","locations":[{"start":{"line":772,"column":8},"end":{"line":772,"column":8}},{"start":{"line":772,"column":8},"end":{"line":772,"column":8}}]},"62":{"line":785,"type":"if","locations":[{"start":{"line":785,"column":8},"end":{"line":785,"column":8}},{"start":{"line":785,"column":8},"end":{"line":785,"column":8}}]},"63":{"line":814,"type":"if","locations":[{"start":{"line":814,"column":8},"end":{"line":814,"column":8}},{"start":{"line":814,"column":8},"end":{"line":814,"column":8}}]},"64":{"line":815,"type":"if","locations":[{"start":{"line":815,"column":12},"end":{"line":815,"column":12}},{"start":{"line":815,"column":12},"end":{"line":815,"column":12}}]}}},"contracts/ReversibleICO.sol":{"l":{"102":32,"103":32,"113":88,"115":86,"118":2,"138":8,"139":8,"140":8,"143":8,"146":8,"147":8,"148":8,"149":8,"151":8,"154":8,"155":8,"156":8,"157":8,"158":8,"160":8,"163":8,"165":96,"166":96,"167":96,"168":96,"169":96,"171":96,"174":8,"176":8,"177":8,"179":8,"193":141,"206":246,"207":214,"211":32,"214":32,"216":9,"221":23,"222":4,"225":19,"229":5,"233":10,"234":10,"235":8,"238":2,"250":132,"338":52,"339":52,"340":52,"355":128,"372":86,"375":86,"378":86,"379":86,"382":86,"384":22,"387":22,"389":64,"393":86,"396":86,"397":4,"409":128,"411":128,"412":128,"413":128,"417":128,"419":0,"421":0,"424":128,"425":128,"428":128,"432":128,"435":86,"436":86,"438":86,"439":86,"442":86,"443":86,"449":42,"452":42,"455":42,"456":42,"459":42,"462":42,"464":42,"467":128,"470":128,"471":0,"472":0,"473":0,"476":128,"488":72,"489":72,"491":72,"494":72,"496":72,"498":42,"504":30,"505":30,"507":72,"509":0,"529":2,"530":2,"531":0,"534":2,"537":2,"540":2,"541":4,"542":4,"543":4,"545":4,"546":4,"547":4,"549":4,"553":2,"555":2,"558":2,"560":2,"563":2,"566":2,"568":2,"569":2,"572":0,"575":0,"578":0,"589":10,"590":10,"592":10,"593":10,"595":3,"598":7,"607":3,"610":3,"612":0,"620":7,"623":7,"624":7,"625":3,"626":3,"627":3,"631":7,"632":3,"634":4,"654":18,"656":18,"657":14,"659":2,"661":2,"664":16,"666":14,"667":214,"668":68,"680":0,"681":0,"686":0,"687":0,"689":0,"701":4,"702":4,"704":1,"705":1,"731":1,"735":3,"753":14,"756":12,"759":8,"764":4,"773":0,"788":9,"789":9,"791":9,"792":4,"793":4,"797":2,"799":3,"809":64,"811":9,"819":9,"822":1,"827":4,"828":4,"830":4,"835":4,"840":4,"843":55,"855":0,"857":0,"874":8,"875":8,"879":20,"880":18,"884":134,"885":124,"889":8,"890":8,"894":0,"895":0,"899":0,"900":0,"904":0,"905":0,"909":0,"910":0,"914":0,"915":0,"919":196,"920":196},"path":"/Volumes/Dev/RICO/poc/contracts/ReversibleICO.sol","s":{"1":32,"2":32,"3":88,"4":86,"5":2,"6":8,"7":8,"8":8,"9":8,"10":8,"11":8,"12":8,"13":8,"14":8,"15":8,"16":8,"17":8,"18":8,"19":8,"20":8,"21":96,"22":96,"23":96,"24":96,"25":96,"26":8,"27":8,"28":8,"29":8,"30":141,"31":246,"32":214,"33":32,"34":32,"35":9,"36":23,"37":4,"38":19,"39":5,"40":10,"41":10,"42":8,"43":2,"44":132,"45":52,"46":52,"47":52,"48":128,"49":86,"50":86,"51":86,"52":86,"53":86,"54":22,"55":64,"56":86,"57":86,"58":4,"59":128,"60":128,"61":128,"62":128,"63":128,"64":0,"65":0,"66":128,"67":128,"68":128,"69":128,"70":86,"71":86,"72":86,"73":86,"74":86,"75":42,"76":42,"77":42,"78":42,"79":42,"80":42,"81":42,"82":128,"83":128,"84":0,"85":0,"86":0,"87":128,"88":72,"89":72,"90":72,"91":72,"92":72,"93":42,"94":30,"95":30,"96":30,"97":72,"98":0,"99":2,"100":2,"101":0,"102":2,"103":2,"104":2,"105":4,"106":4,"107":4,"108":4,"109":4,"110":4,"111":4,"112":2,"113":2,"114":2,"115":2,"116":2,"117":2,"118":2,"119":2,"120":0,"121":0,"122":0,"123":10,"124":10,"125":10,"126":10,"127":3,"128":7,"129":3,"130":3,"131":0,"132":7,"133":7,"134":7,"135":3,"136":3,"137":3,"138":7,"139":3,"140":4,"141":18,"142":18,"143":14,"144":4,"145":2,"146":2,"147":16,"148":14,"149":214,"150":68,"151":0,"152":0,"153":0,"154":0,"155":0,"156":4,"157":4,"158":1,"159":1,"160":1,"161":3,"162":14,"163":12,"164":8,"165":4,"166":0,"167":9,"168":9,"169":9,"170":4,"171":4,"172":5,"173":2,"174":3,"175":64,"176":9,"177":9,"178":1,"179":8,"180":4,"181":4,"182":4,"183":4,"184":4,"185":55,"186":0,"187":0,"188":8,"189":20,"190":134,"191":8,"192":0,"193":0,"194":0,"195":0,"196":0,"197":196},"b":{"1":[86,2],"2":[214,32],"3":[9,23],"4":[4,19],"5":[8,2],"6":[86,0],"7":[22,64],"8":[4,82],"9":[0,128],"10":[86,42],"11":[0,128],"12":[72,0],"13":[42,30],"14":[30,0],"15":[0,2],"16":[2,0],"17":[4,0],"18":[2,0],"19":[2,0],"20":[3,7],"21":[3,0],"22":[3,0],"23":[3,4],"24":[14,4],"25":[2,2],"26":[14,2],"27":[68,146],"28":[0,0],"29":[1,3],"30":[12,2],"31":[8,4],"32":[4,5],"33":[2,3],"34":[9,55],"35":[1,8],"36":[4,4],"37":[0,0],"38":[0,0],"39":[8,0],"40":[18,2],"41":[124,10],"42":[8,0],"43":[0,0],"44":[0,0],"45":[0,0],"46":[0,0],"47":[0,0],"48":[196,0]},"f":{"1":32,"2":88,"3":8,"4":141,"5":246,"6":5,"7":10,"8":132,"9":52,"10":128,"11":86,"12":128,"13":72,"14":0,"15":2,"16":10,"17":3,"18":7,"19":18,"20":0,"21":0,"22":4,"23":14,"24":0,"25":9,"26":64,"27":0,"28":8,"29":20,"30":134,"31":8,"32":0,"33":0,"34":0,"35":0,"36":0,"37":196},"fnMap":{"1":{"name":"constructor","line":101,"loc":{"start":{"line":101,"column":4},"end":{"line":101,"column":22}}},"2":{"name":"","line":107,"loc":{"start":{"line":107,"column":4},"end":{"line":112,"column":5}}},"3":{"name":"addSettings","line":122,"loc":{"start":{"line":122,"column":4},"end":{"line":136,"column":5}}},"4":{"name":"getCurrentStage","line":192,"loc":{"start":{"line":192,"column":4},"end":{"line":192,"column":58}}},"5":{"name":"getStageAtBlock","line":196,"loc":{"start":{"line":196,"column":4},"end":{"line":196,"column":79}}},"6":{"name":"getCurrentPrice","line":228,"loc":{"start":{"line":228,"column":4},"end":{"line":228,"column":60}}},"7":{"name":"getPriceAtBlock","line":232,"loc":{"start":{"line":232,"column":4},"end":{"line":232,"column":79}}},"8":{"name":"getTokenAmountForEthAtStage","line":243,"loc":{"start":{"line":243,"column":4},"end":{"line":248,"column":5}}},"9":{"name":"ParticipantContributionDetails","line":321,"loc":{"start":{"line":321,"column":4},"end":{"line":332,"column":7}}},"10":{"name":"availableEth","line":354,"loc":{"start":{"line":354,"column":4},"end":{"line":354,"column":55}}},"11":{"name":"commit","line":364,"loc":{"start":{"line":364,"column":4},"end":{"line":370,"column":5}}},"12":{"name":"handleContribution","line":406,"loc":{"start":{"line":406,"column":4},"end":{"line":408,"column":5}}},"13":{"name":"processContribution","line":482,"loc":{"start":{"line":482,"column":4},"end":{"line":487,"column":5}}},"14":{"name":"recalculateFunds","line":515,"loc":{"start":{"line":515,"column":4},"end":{"line":516,"column":5}}},"15":{"name":"cancel","line":523,"loc":{"start":{"line":523,"column":4},"end":{"line":528,"column":5}}},"16":{"name":"getCancelModeStates","line":584,"loc":{"start":{"line":584,"column":4},"end":{"line":588,"column":5}}},"17":{"name":"canCancelBySendingTokensBack","line":602,"loc":{"start":{"line":602,"column":4},"end":{"line":606,"column":5}}},"18":{"name":"canCancelBySendingEthToContract","line":615,"loc":{"start":{"line":615,"column":4},"end":{"line":619,"column":5}}},"19":{"name":"whitelistOrReject","line":643,"loc":{"start":{"line":643,"column":4},"end":{"line":653,"column":5}}},"20":{"name":"whitelistOrRejectMultiple","line":679,"loc":{"start":{"line":679,"column":4},"end":{"line":679,"column":83}}},"21":{"name":"isWhitelisted","line":685,"loc":{"start":{"line":685,"column":4},"end":{"line":685,"column":71}}},"22":{"name":"withdraw","line":695,"loc":{"start":{"line":695,"column":4},"end":{"line":695,"column":79}}},"23":{"name":"tokensReceived","line":738,"loc":{"start":{"line":738,"column":4},"end":{"line":750,"column":5}}},"24":{"name":"getCurrentBlockNumber","line":772,"loc":{"start":{"line":772,"column":4},"end":{"line":772,"column":64}}},"25":{"name":"getCurrentUnlockRatio","line":784,"loc":{"start":{"line":784,"column":4},"end":{"line":787,"column":5}}},"26":{"name":"getLockedTokenAmount","line":806,"loc":{"start":{"line":806,"column":4},"end":{"line":806,"column":79}}},"27":{"name":"projectWithdraw","line":850,"loc":{"start":{"line":850,"column":4},"end":{"line":854,"column":5}}},"28":{"name":"onlyDeployer","line":873,"loc":{"start":{"line":873,"column":4},"end":{"line":873,"column":25}}},"29":{"name":"onlyWhitelistController","line":878,"loc":{"start":{"line":878,"column":4},"end":{"line":878,"column":36}}},"30":{"name":"requireInitialized","line":883,"loc":{"start":{"line":883,"column":4},"end":{"line":883,"column":31}}},"31":{"name":"requireNotInitialized","line":888,"loc":{"start":{"line":888,"column":4},"end":{"line":888,"column":34}}},"32":{"name":"requireRunning","line":893,"loc":{"start":{"line":893,"column":4},"end":{"line":893,"column":27}}},"33":{"name":"requireNotRunning","line":898,"loc":{"start":{"line":898,"column":4},"end":{"line":898,"column":30}}},"34":{"name":"requireEnded","line":903,"loc":{"start":{"line":903,"column":4},"end":{"line":903,"column":25}}},"35":{"name":"requireNotEnded","line":908,"loc":{"start":{"line":908,"column":4},"end":{"line":908,"column":28}}},"36":{"name":"requireFrozen","line":913,"loc":{"start":{"line":913,"column":4},"end":{"line":913,"column":26}}},"37":{"name":"requireNotFrozen","line":918,"loc":{"start":{"line":918,"column":4},"end":{"line":918,"column":29}}}},"statementMap":{"1":{"start":{"line":102,"column":8},"end":{"line":102,"column":35}},"2":{"start":{"line":103,"column":8},"end":{"line":103,"column":102}},"3":{"start":{"line":113,"column":8},"end":{"line":113,"column":2831}},"4":{"start":{"line":115,"column":12},"end":{"line":115,"column":19}},"5":{"start":{"line":118,"column":12},"end":{"line":118,"column":19}},"6":{"start":{"line":138,"column":8},"end":{"line":138,"column":49}},"7":{"start":{"line":139,"column":8},"end":{"line":139,"column":63}},"8":{"start":{"line":140,"column":8},"end":{"line":140,"column":51}},"9":{"start":{"line":143,"column":8},"end":{"line":143,"column":50}},"10":{"start":{"line":146,"column":8},"end":{"line":146,"column":31}},"11":{"start":{"line":147,"column":8},"end":{"line":147,"column":51}},"12":{"start":{"line":148,"column":8},"end":{"line":148,"column":61}},"13":{"start":{"line":149,"column":8},"end":{"line":149,"column":41}},"14":{"start":{"line":151,"column":8},"end":{"line":151,"column":41}},"15":{"start":{"line":154,"column":8},"end":{"line":154,"column":77}},"16":{"start":{"line":155,"column":8},"end":{"line":155,"column":44}},"17":{"start":{"line":156,"column":8},"end":{"line":156,"column":66}},"18":{"start":{"line":157,"column":8},"end":{"line":157,"column":49}},"19":{"start":{"line":160,"column":8},"end":{"line":160,"column":57}},"20":{"start":{"line":163,"column":8},"end":{"line":163,"column":4551}},"21":{"start":{"line":165,"column":12},"end":{"line":165,"column":58}},"22":{"start":{"line":166,"column":12},"end":{"line":166,"column":58}},"23":{"start":{"line":167,"column":12},"end":{"line":167,"column":75}},"24":{"start":{"line":168,"column":12},"end":{"line":168,"column":85}},"25":{"start":{"line":171,"column":12},"end":{"line":171,"column":52}},"26":{"start":{"line":174,"column":8},"end":{"line":174,"column":35}},"27":{"start":{"line":176,"column":8},"end":{"line":176,"column":54}},"28":{"start":{"line":177,"column":8},"end":{"line":177,"column":75}},"29":{"start":{"line":179,"column":8},"end":{"line":179,"column":25}},"30":{"start":{"line":193,"column":8},"end":{"line":193,"column":55}},"31":{"start":{"line":206,"column":8},"end":{"line":206,"column":6262}},"32":{"start":{"line":207,"column":12},"end":{"line":207,"column":20}},"33":{"start":{"line":211,"column":8},"end":{"line":211,"column":86}},"34":{"start":{"line":214,"column":8},"end":{"line":214,"column":6583}},"35":{"start":{"line":216,"column":12},"end":{"line":216,"column":33}},"36":{"start":{"line":221,"column":8},"end":{"line":221,"column":6847}},"37":{"start":{"line":222,"column":12},"end":{"line":222,"column":22}},"38":{"start":{"line":225,"column":8},"end":{"line":225,"column":25}},"39":{"start":{"line":229,"column":8},"end":{"line":229,"column":55}},"40":{"start":{"line":233,"column":8},"end":{"line":233,"column":50}},"41":{"start":{"line":234,"column":8},"end":{"line":234,"column":7222}},"42":{"start":{"line":235,"column":12},"end":{"line":235,"column":51}},"43":{"start":{"line":238,"column":8},"end":{"line":238,"column":16}},"44":{"start":{"line":250,"column":8},"end":{"line":250,"column":77}},"45":{"start":{"line":338,"column":8},"end":{"line":338,"column":68}},"46":{"start":{"line":339,"column":8},"end":{"line":339,"column":87}},"47":{"start":{"line":340,"column":8},"end":{"line":340,"column":10275}},"48":{"start":{"line":355,"column":8},"end":{"line":355,"column":10710}},"49":{"start":{"line":372,"column":8},"end":{"line":372,"column":11058}},"50":{"start":{"line":375,"column":12},"end":{"line":375,"column":35}},"51":{"start":{"line":378,"column":12},"end":{"line":378,"column":85}},"52":{"start":{"line":379,"column":12},"end":{"line":379,"column":40}},"53":{"start":{"line":382,"column":12},"end":{"line":382,"column":11417}},"54":{"start":{"line":387,"column":16},"end":{"line":387,"column":62}},"55":{"start":{"line":389,"column":16},"end":{"line":389,"column":71}},"56":{"start":{"line":393,"column":12},"end":{"line":393,"column":112}},"57":{"start":{"line":396,"column":12},"end":{"line":396,"column":11988}},"58":{"start":{"line":397,"column":16},"end":{"line":397,"column":101}},"59":{"start":{"line":409,"column":8},"end":{"line":409,"column":80}},"60":{"start":{"line":411,"column":8},"end":{"line":411,"column":49}},"61":{"start":{"line":412,"column":8},"end":{"line":412,"column":46}},"62":{"start":{"line":413,"column":8},"end":{"line":413,"column":31}},"63":{"start":{"line":417,"column":8},"end":{"line":417,"column":12805}},"64":{"start":{"line":419,"column":12},"end":{"line":419,"column":43}},"65":{"start":{"line":421,"column":12},"end":{"line":421,"column":55}},"66":{"start":{"line":424,"column":8},"end":{"line":424,"column":98}},"67":{"start":{"line":425,"column":8},"end":{"line":425,"column":47}},"68":{"start":{"line":428,"column":8},"end":{"line":428,"column":13255}},"69":{"start":{"line":432,"column":8},"end":{"line":432,"column":13397}},"70":{"start":{"line":436,"column":12},"end":{"line":436,"column":64}},"71":{"start":{"line":438,"column":12},"end":{"line":438,"column":61}},"72":{"start":{"line":439,"column":12},"end":{"line":439,"column":81}},"73":{"start":{"line":442,"column":12},"end":{"line":442,"column":55}},"74":{"start":{"line":443,"column":12},"end":{"line":443,"column":52}},"75":{"start":{"line":449,"column":12},"end":{"line":449,"column":39}},"76":{"start":{"line":452,"column":12},"end":{"line":452,"column":70}},"77":{"start":{"line":455,"column":12},"end":{"line":455,"column":61}},"78":{"start":{"line":456,"column":12},"end":{"line":456,"column":62}},"79":{"start":{"line":459,"column":12},"end":{"line":459,"column":53}},"80":{"start":{"line":462,"column":12},"end":{"line":462,"column":29}},"81":{"start":{"line":464,"column":12},"end":{"line":464,"column":72}},"82":{"start":{"line":467,"column":8},"end":{"line":467,"column":43}},"83":{"start":{"line":470,"column":8},"end":{"line":470,"column":15057}},"84":{"start":{"line":471,"column":12},"end":{"line":471,"column":53}},"85":{"start":{"line":472,"column":12},"end":{"line":472,"column":37}},"86":{"start":{"line":473,"column":12},"end":{"line":473,"column":60}},"87":{"start":{"line":476,"column":8},"end":{"line":476,"column":110}},"88":{"start":{"line":488,"column":8},"end":{"line":488,"column":80}},"89":{"start":{"line":489,"column":8},"end":{"line":489,"column":98}},"90":{"start":{"line":491,"column":8},"end":{"line":491,"column":15769}},"91":{"start":{"line":494,"column":12},"end":{"line":494,"column":47}},"92":{"start":{"line":496,"column":12},"end":{"line":496,"column":15985}},"93":{"start":{"line":498,"column":16},"end":{"line":498,"column":123}},"94":{"start":{"line":501,"column":19},"end":{"line":501,"column":16255}},"95":{"start":{"line":504,"column":16},"end":{"line":504,"column":77}},"96":{"start":{"line":505,"column":16},"end":{"line":505,"column":118}},"97":{"start":{"line":507,"column":12},"end":{"line":507,"column":23}},"98":{"start":{"line":509,"column":8},"end":{"line":509,"column":20}},"99":{"start":{"line":529,"column":8},"end":{"line":529,"column":81}},"100":{"start":{"line":530,"column":8},"end":{"line":530,"column":17073}},"101":{"start":{"line":531,"column":12},"end":{"line":531,"column":131}},"102":{"start":{"line":534,"column":8},"end":{"line":534,"column":17270}},"103":{"start":{"line":537,"column":12},"end":{"line":537,"column":47}},"104":{"start":{"line":540,"column":12},"end":{"line":540,"column":17462}},"105":{"start":{"line":541,"column":16},"end":{"line":541,"column":92}},"106":{"start":{"line":542,"column":16},"end":{"line":542,"column":17645}},"107":{"start":{"line":543,"column":20},"end":{"line":543,"column":70}},"108":{"start":{"line":545,"column":20},"end":{"line":545,"column":81}},"109":{"start":{"line":546,"column":20},"end":{"line":546,"column":74}},"110":{"start":{"line":547,"column":20},"end":{"line":547,"column":48}},"111":{"start":{"line":549,"column":20},"end":{"line":549,"column":109}},"112":{"start":{"line":553,"column":12},"end":{"line":553,"column":18158}},"113":{"start":{"line":555,"column":16},"end":{"line":555,"column":18214}},"114":{"start":{"line":558,"column":20},"end":{"line":558,"column":53}},"115":{"start":{"line":560,"column":20},"end":{"line":560,"column":80}},"116":{"start":{"line":563,"column":20},"end":{"line":563,"column":57}},"117":{"start":{"line":566,"column":20},"end":{"line":566,"column":93}},"118":{"start":{"line":568,"column":20},"end":{"line":568,"column":84}},"119":{"start":{"line":569,"column":20},"end":{"line":569,"column":26}},"120":{"start":{"line":572,"column":20},"end":{"line":572,"column":82}},"121":{"start":{"line":575,"column":16},"end":{"line":575,"column":73}},"122":{"start":{"line":578,"column":8},"end":{"line":578,"column":58}},"123":{"start":{"line":589,"column":8},"end":{"line":589,"column":20}},"124":{"start":{"line":590,"column":8},"end":{"line":590,"column":23}},"125":{"start":{"line":592,"column":8},"end":{"line":592,"column":89}},"126":{"start":{"line":593,"column":8},"end":{"line":593,"column":19652}},"127":{"start":{"line":595,"column":12},"end":{"line":595,"column":70}},"128":{"start":{"line":598,"column":12},"end":{"line":598,"column":70}},"129":{"start":{"line":607,"column":8},"end":{"line":607,"column":20182}},"130":{"start":{"line":610,"column":12},"end":{"line":610,"column":23}},"131":{"start":{"line":612,"column":8},"end":{"line":612,"column":20}},"132":{"start":{"line":620,"column":8},"end":{"line":620,"column":89}},"133":{"start":{"line":623,"column":8},"end":{"line":623,"column":43}},"134":{"start":{"line":624,"column":8},"end":{"line":624,"column":20792}},"135":{"start":{"line":625,"column":12},"end":{"line":625,"column":88}},"136":{"start":{"line":626,"column":12},"end":{"line":626,"column":20967}},"137":{"start":{"line":627,"column":16},"end":{"line":627,"column":66}},"138":{"start":{"line":631,"column":8},"end":{"line":631,"column":21139}},"139":{"start":{"line":632,"column":12},"end":{"line":632,"column":23}},"140":{"start":{"line":634,"column":8},"end":{"line":634,"column":20}},"141":{"start":{"line":654,"column":8},"end":{"line":654,"column":79}},"142":{"start":{"line":656,"column":8},"end":{"line":656,"column":21825}},"143":{"start":{"line":657,"column":12},"end":{"line":657,"column":47}},"144":{"start":{"line":658,"column":15},"end":{"line":658,"column":21940}},"145":{"start":{"line":659,"column":12},"end":{"line":659,"column":48}},"146":{"start":{"line":661,"column":12},"end":{"line":661,"column":62}},"147":{"start":{"line":664,"column":8},"end":{"line":664,"column":22142}},"148":{"start":{"line":666,"column":12},"end":{"line":666,"column":22277}},"149":{"start":{"line":667,"column":16},"end":{"line":667,"column":22343}},"150":{"start":{"line":668,"column":20},"end":{"line":668,"column":58}},"151":{"start":{"line":680,"column":8},"end":{"line":680,"column":22823}},"152":{"start":{"line":681,"column":12},"end":{"line":681,"column":55}},"153":{"start":{"line":686,"column":8},"end":{"line":686,"column":23030}},"154":{"start":{"line":687,"column":12},"end":{"line":687,"column":23}},"155":{"start":{"line":689,"column":8},"end":{"line":689,"column":20}},"156":{"start":{"line":701,"column":8},"end":{"line":701,"column":75}},"157":{"start":{"line":702,"column":8},"end":{"line":702,"column":23583}},"158":{"start":{"line":704,"column":12},"end":{"line":704,"column":56}},"159":{"start":{"line":705,"column":12},"end":{"line":705,"column":65}},"160":{"start":{"line":731,"column":12},"end":{"line":731,"column":23}},"161":{"start":{"line":735,"column":8},"end":{"line":735,"column":83}},"162":{"start":{"line":753,"column":8},"end":{"line":753,"column":91}},"163":{"start":{"line":756,"column":8},"end":{"line":756,"column":25253}},"164":{"start":{"line":759,"column":12},"end":{"line":759,"column":32}},"165":{"start":{"line":764,"column":12},"end":{"line":764,"column":33}},"166":{"start":{"line":773,"column":8},"end":{"line":773,"column":27}},"167":{"start":{"line":788,"column":8},"end":{"line":788,"column":28}},"168":{"start":{"line":789,"column":8},"end":{"line":789,"column":54}},"169":{"start":{"line":791,"column":8},"end":{"line":791,"column":26167}},"170":{"start":{"line":792,"column":12},"end":{"line":792,"column":75}},"171":{"start":{"line":793,"column":12},"end":{"line":793,"column":26361}},"172":{"start":{"line":796,"column":15},"end":{"line":796,"column":26452}},"173":{"start":{"line":797,"column":12},"end":{"line":797,"column":20}},"174":{"start":{"line":799,"column":12},"end":{"line":799,"column":20}},"175":{"start":{"line":809,"column":8},"end":{"line":809,"column":26887}},"176":{"start":{"line":811,"column":12},"end":{"line":811,"column":58}},"177":{"start":{"line":819,"column":12},"end":{"line":819,"column":27321}},"178":{"start":{"line":822,"column":16},"end":{"line":822,"column":67}},"179":{"start":{"line":824,"column":19},"end":{"line":824,"column":27491}},"180":{"start":{"line":827,"column":16},"end":{"line":827,"column":36}},"181":{"start":{"line":828,"column":16},"end":{"line":828,"column":77}},"182":{"start":{"line":830,"column":16},"end":{"line":830,"column":27699}},"183":{"start":{"line":835,"column":16},"end":{"line":835,"column":43}},"184":{"start":{"line":840,"column":16},"end":{"line":840,"column":24}},"185":{"start":{"line":843,"column":12},"end":{"line":843,"column":20}},"186":{"start":{"line":855,"column":8},"end":{"line":855,"column":79}},"187":{"start":{"line":857,"column":8},"end":{"line":857,"column":73}},"188":{"start":{"line":874,"column":8},"end":{"line":874,"column":97}},"189":{"start":{"line":879,"column":8},"end":{"line":879,"column":131}},"190":{"start":{"line":884,"column":8},"end":{"line":884,"column":87}},"191":{"start":{"line":889,"column":8},"end":{"line":889,"column":92}},"192":{"start":{"line":894,"column":8},"end":{"line":894,"column":69}},"193":{"start":{"line":899,"column":8},"end":{"line":899,"column":74}},"194":{"start":{"line":904,"column":8},"end":{"line":904,"column":74}},"195":{"start":{"line":909,"column":8},"end":{"line":909,"column":79}},"196":{"start":{"line":914,"column":8},"end":{"line":914,"column":72}},"197":{"start":{"line":919,"column":8},"end":{"line":919,"column":77}}},"branchMap":{"1":{"line":113,"type":"if","locations":[{"start":{"line":113,"column":8},"end":{"line":113,"column":8}},{"start":{"line":113,"column":8},"end":{"line":113,"column":8}}]},"2":{"line":206,"type":"if","locations":[{"start":{"line":206,"column":8},"end":{"line":206,"column":8}},{"start":{"line":206,"column":8},"end":{"line":206,"column":8}}]},"3":{"line":214,"type":"if","locations":[{"start":{"line":214,"column":8},"end":{"line":214,"column":8}},{"start":{"line":214,"column":8},"end":{"line":214,"column":8}}]},"4":{"line":221,"type":"if","locations":[{"start":{"line":221,"column":8},"end":{"line":221,"column":8}},{"start":{"line":221,"column":8},"end":{"line":221,"column":8}}]},"5":{"line":234,"type":"if","locations":[{"start":{"line":234,"column":8},"end":{"line":234,"column":8}},{"start":{"line":234,"column":8},"end":{"line":234,"column":8}}]},"6":{"line":372,"type":"if","locations":[{"start":{"line":372,"column":8},"end":{"line":372,"column":8}},{"start":{"line":372,"column":8},"end":{"line":372,"column":8}}]},"7":{"line":382,"type":"if","locations":[{"start":{"line":382,"column":12},"end":{"line":382,"column":12}},{"start":{"line":382,"column":12},"end":{"line":382,"column":12}}]},"8":{"line":396,"type":"if","locations":[{"start":{"line":396,"column":12},"end":{"line":396,"column":12}},{"start":{"line":396,"column":12},"end":{"line":396,"column":12}}]},"9":{"line":417,"type":"if","locations":[{"start":{"line":417,"column":8},"end":{"line":417,"column":8}},{"start":{"line":417,"column":8},"end":{"line":417,"column":8}}]},"10":{"line":432,"type":"if","locations":[{"start":{"line":432,"column":8},"end":{"line":432,"column":8}},{"start":{"line":432,"column":8},"end":{"line":432,"column":8}}]},"11":{"line":470,"type":"if","locations":[{"start":{"line":470,"column":8},"end":{"line":470,"column":8}},{"start":{"line":470,"column":8},"end":{"line":470,"column":8}}]},"12":{"line":491,"type":"if","locations":[{"start":{"line":491,"column":8},"end":{"line":491,"column":8}},{"start":{"line":491,"column":8},"end":{"line":491,"column":8}}]},"13":{"line":496,"type":"if","locations":[{"start":{"line":496,"column":12},"end":{"line":496,"column":12}},{"start":{"line":496,"column":12},"end":{"line":496,"column":12}}]},"14":{"line":501,"type":"if","locations":[{"start":{"line":501,"column":19},"end":{"line":501,"column":19}},{"start":{"line":501,"column":19},"end":{"line":501,"column":19}}]},"15":{"line":530,"type":"if","locations":[{"start":{"line":530,"column":8},"end":{"line":530,"column":8}},{"start":{"line":530,"column":8},"end":{"line":530,"column":8}}]},"16":{"line":534,"type":"if","locations":[{"start":{"line":534,"column":8},"end":{"line":534,"column":8}},{"start":{"line":534,"column":8},"end":{"line":534,"column":8}}]},"17":{"line":542,"type":"if","locations":[{"start":{"line":542,"column":16},"end":{"line":542,"column":16}},{"start":{"line":542,"column":16},"end":{"line":542,"column":16}}]},"18":{"line":553,"type":"if","locations":[{"start":{"line":553,"column":12},"end":{"line":553,"column":12}},{"start":{"line":553,"column":12},"end":{"line":553,"column":12}}]},"19":{"line":555,"type":"if","locations":[{"start":{"line":555,"column":16},"end":{"line":555,"column":16}},{"start":{"line":555,"column":16},"end":{"line":555,"column":16}}]},"20":{"line":593,"type":"if","locations":[{"start":{"line":593,"column":8},"end":{"line":593,"column":8}},{"start":{"line":593,"column":8},"end":{"line":593,"column":8}}]},"21":{"line":607,"type":"if","locations":[{"start":{"line":607,"column":8},"end":{"line":607,"column":8}},{"start":{"line":607,"column":8},"end":{"line":607,"column":8}}]},"22":{"line":626,"type":"if","locations":[{"start":{"line":626,"column":12},"end":{"line":626,"column":12}},{"start":{"line":626,"column":12},"end":{"line":626,"column":12}}]},"23":{"line":631,"type":"if","locations":[{"start":{"line":631,"column":8},"end":{"line":631,"column":8}},{"start":{"line":631,"column":8},"end":{"line":631,"column":8}}]},"24":{"line":656,"type":"if","locations":[{"start":{"line":656,"column":8},"end":{"line":656,"column":8}},{"start":{"line":656,"column":8},"end":{"line":656,"column":8}}]},"25":{"line":658,"type":"if","locations":[{"start":{"line":658,"column":15},"end":{"line":658,"column":15}},{"start":{"line":658,"column":15},"end":{"line":658,"column":15}}]},"26":{"line":664,"type":"if","locations":[{"start":{"line":664,"column":8},"end":{"line":664,"column":8}},{"start":{"line":664,"column":8},"end":{"line":664,"column":8}}]},"27":{"line":667,"type":"if","locations":[{"start":{"line":667,"column":16},"end":{"line":667,"column":16}},{"start":{"line":667,"column":16},"end":{"line":667,"column":16}}]},"28":{"line":686,"type":"if","locations":[{"start":{"line":686,"column":8},"end":{"line":686,"column":8}},{"start":{"line":686,"column":8},"end":{"line":686,"column":8}}]},"29":{"line":702,"type":"if","locations":[{"start":{"line":702,"column":8},"end":{"line":702,"column":8}},{"start":{"line":702,"column":8},"end":{"line":702,"column":8}}]},"30":{"line":753,"type":"if","locations":[{"start":{"line":753,"column":8},"end":{"line":753,"column":8}},{"start":{"line":753,"column":8},"end":{"line":753,"column":8}}]},"31":{"line":756,"type":"if","locations":[{"start":{"line":756,"column":8},"end":{"line":756,"column":8}},{"start":{"line":756,"column":8},"end":{"line":756,"column":8}}]},"32":{"line":791,"type":"if","locations":[{"start":{"line":791,"column":8},"end":{"line":791,"column":8}},{"start":{"line":791,"column":8},"end":{"line":791,"column":8}}]},"33":{"line":796,"type":"if","locations":[{"start":{"line":796,"column":15},"end":{"line":796,"column":15}},{"start":{"line":796,"column":15},"end":{"line":796,"column":15}}]},"34":{"line":809,"type":"if","locations":[{"start":{"line":809,"column":8},"end":{"line":809,"column":8}},{"start":{"line":809,"column":8},"end":{"line":809,"column":8}}]},"35":{"line":819,"type":"if","locations":[{"start":{"line":819,"column":12},"end":{"line":819,"column":12}},{"start":{"line":819,"column":12},"end":{"line":819,"column":12}}]},"36":{"line":824,"type":"if","locations":[{"start":{"line":824,"column":19},"end":{"line":824,"column":19}},{"start":{"line":824,"column":19},"end":{"line":824,"column":19}}]},"37":{"line":855,"type":"if","locations":[{"start":{"line":855,"column":8},"end":{"line":855,"column":8}},{"start":{"line":855,"column":8},"end":{"line":855,"column":8}}]},"38":{"line":857,"type":"if","locations":[{"start":{"line":857,"column":8},"end":{"line":857,"column":8}},{"start":{"line":857,"column":8},"end":{"line":857,"column":8}}]},"39":{"line":874,"type":"if","locations":[{"start":{"line":874,"column":8},"end":{"line":874,"column":8}},{"start":{"line":874,"column":8},"end":{"line":874,"column":8}}]},"40":{"line":879,"type":"if","locations":[{"start":{"line":879,"column":8},"end":{"line":879,"column":8}},{"start":{"line":879,"column":8},"end":{"line":879,"column":8}}]},"41":{"line":884,"type":"if","locations":[{"start":{"line":884,"column":8},"end":{"line":884,"column":8}},{"start":{"line":884,"column":8},"end":{"line":884,"column":8}}]},"42":{"line":889,"type":"if","locations":[{"start":{"line":889,"column":8},"end":{"line":889,"column":8}},{"start":{"line":889,"column":8},"end":{"line":889,"column":8}}]},"43":{"line":894,"type":"if","locations":[{"start":{"line":894,"column":8},"end":{"line":894,"column":8}},{"start":{"line":894,"column":8},"end":{"line":894,"column":8}}]},"44":{"line":899,"type":"if","locations":[{"start":{"line":899,"column":8},"end":{"line":899,"column":8}},{"start":{"line":899,"column":8},"end":{"line":899,"column":8}}]},"45":{"line":904,"type":"if","locations":[{"start":{"line":904,"column":8},"end":{"line":904,"column":8}},{"start":{"line":904,"column":8},"end":{"line":904,"column":8}}]},"46":{"line":909,"type":"if","locations":[{"start":{"line":909,"column":8},"end":{"line":909,"column":8}},{"start":{"line":909,"column":8},"end":{"line":909,"column":8}}]},"47":{"line":914,"type":"if","locations":[{"start":{"line":914,"column":8},"end":{"line":914,"column":8}},{"start":{"line":914,"column":8},"end":{"line":914,"column":8}}]},"48":{"line":919,"type":"if","locations":[{"start":{"line":919,"column":8},"end":{"line":919,"column":8}},{"start":{"line":919,"column":8},"end":{"line":919,"column":8}}]}}},"contracts/RicoToken.sol":{"l":{"22":27,"23":27,"24":27,"27":56,"28":56,"29":56,"30":56,"34":4,"35":2,"39":12,"40":10,"44":1,"48":87,"61":2,"62":0,"63":0,"78":98,"79":96,"80":84,"82":92},"path":"/Volumes/Dev/RICO/poc/contracts/RicoToken.sol","s":{"1":27,"2":27,"3":27,"4":56,"5":56,"6":56,"7":56,"8":4,"9":2,"10":12,"11":10,"12":1,"13":87,"14":2,"15":0,"16":0,"17":98,"18":96,"19":84,"20":92},"b":{"1":[56,0],"2":[2,2],"3":[10,2],"4":[0,2],"5":[0,0],"6":[96,2],"7":[84,12],"8":[80,4]},"f":{"1":27,"2":56,"3":4,"4":12,"5":1,"6":87,"7":2,"8":98},"fnMap":{"1":{"name":"constructor","line":15,"loc":{"start":{"line":15,"column":4},"end":{"line":21,"column":5}}},"2":{"name":"setup","line":26,"loc":{"start":{"line":26,"column":4},"end":{"line":26,"column":59}}},"3":{"name":"changeManager","line":33,"loc":{"start":{"line":33,"column":4},"end":{"line":33,"column":52}}},"4":{"name":"setFreezed","line":38,"loc":{"start":{"line":38,"column":4},"end":{"line":38,"column":42}}},"5":{"name":"getLockedBalance","line":43,"loc":{"start":{"line":43,"column":4},"end":{"line":43,"column":62}}},"6":{"name":"getUnlockedBalance","line":47,"loc":{"start":{"line":47,"column":4},"end":{"line":47,"column":64}}},"7":{"name":"_burn","line":52,"loc":{"start":{"line":52,"column":4},"end":{"line":60,"column":5}}},"8":{"name":"_move","line":68,"loc":{"start":{"line":68,"column":6},"end":{"line":77,"column":5}}}},"statementMap":{"1":{"start":{"line":22,"column":8},"end":{"line":22,"column":59}},"2":{"start":{"line":23,"column":8},"end":{"line":23,"column":27}},"3":{"start":{"line":24,"column":8},"end":{"line":24,"column":21}},"4":{"start":{"line":27,"column":8},"end":{"line":27,"column":53}},"5":{"start":{"line":28,"column":8},"end":{"line":28,"column":34}},"6":{"start":{"line":29,"column":8},"end":{"line":29,"column":28}},"7":{"start":{"line":30,"column":8},"end":{"line":30,"column":22}},"8":{"start":{"line":34,"column":8},"end":{"line":34,"column":53}},"9":{"start":{"line":35,"column":8},"end":{"line":35,"column":28}},"10":{"start":{"line":39,"column":8},"end":{"line":39,"column":53}},"11":{"start":{"line":40,"column":8},"end":{"line":40,"column":24}},"12":{"start":{"line":44,"column":8},"end":{"line":44,"column":47}},"13":{"start":{"line":48,"column":8},"end":{"line":48,"column":69}},"14":{"start":{"line":61,"column":8},"end":{"line":61,"column":47}},"15":{"start":{"line":62,"column":8},"end":{"line":62,"column":72}},"16":{"start":{"line":63,"column":8},"end":{"line":63,"column":63}},"17":{"start":{"line":78,"column":8},"end":{"line":78,"column":47}},"18":{"start":{"line":79,"column":8},"end":{"line":79,"column":2282}},"19":{"start":{"line":80,"column":12},"end":{"line":80,"column":76}},"20":{"start":{"line":82,"column":8},"end":{"line":82,"column":71}}},"branchMap":{"1":{"line":27,"type":"if","locations":[{"start":{"line":27,"column":8},"end":{"line":27,"column":8}},{"start":{"line":27,"column":8},"end":{"line":27,"column":8}}]},"2":{"line":34,"type":"if","locations":[{"start":{"line":34,"column":8},"end":{"line":34,"column":8}},{"start":{"line":34,"column":8},"end":{"line":34,"column":8}}]},"3":{"line":39,"type":"if","locations":[{"start":{"line":39,"column":8},"end":{"line":39,"column":8}},{"start":{"line":39,"column":8},"end":{"line":39,"column":8}}]},"4":{"line":61,"type":"if","locations":[{"start":{"line":61,"column":8},"end":{"line":61,"column":8}},{"start":{"line":61,"column":8},"end":{"line":61,"column":8}}]},"5":{"line":62,"type":"if","locations":[{"start":{"line":62,"column":8},"end":{"line":62,"column":8}},{"start":{"line":62,"column":8},"end":{"line":62,"column":8}}]},"6":{"line":78,"type":"if","locations":[{"start":{"line":78,"column":8},"end":{"line":78,"column":8}},{"start":{"line":78,"column":8},"end":{"line":78,"column":8}}]},"7":{"line":79,"type":"if","locations":[{"start":{"line":79,"column":8},"end":{"line":79,"column":8}},{"start":{"line":79,"column":8},"end":{"line":79,"column":8}}]},"8":{"line":80,"type":"if","locations":[{"start":{"line":80,"column":12},"end":{"line":80,"column":12}},{"start":{"line":80,"column":12},"end":{"line":80,"column":12}}]}}}}